This file contains any messages produced by compilers while
running configure, to aid debugging if configure makes a mistake.

It was created by opentee configure 0.0.0, which was
generated by GNU Autoconf 2.69.  Invocation command line was

  $ ../configure --prefix=/opt/OpenTee

## --------- ##
## Platform. ##
## --------- ##

hostname = debian
uname -m = x86_64
uname -r = 4.19.0-21-amd64
uname -s = Linux
uname -v = #1 SMP Debian 4.19.249-2 (2022-06-30)

/usr/bin/uname -p = unknown
/bin/uname -X     = unknown

/bin/arch              = x86_64
/usr/bin/arch -k       = unknown
/usr/convex/getsysinfo = unknown
/usr/bin/hostinfo      = unknown
/bin/machine           = unknown
/usr/bin/oslevel       = unknown
/bin/universe          = unknown

PATH: /usr/local/bin
PATH: /usr/bin
PATH: /bin
PATH: /usr/local/games
PATH: /usr/games


## ----------- ##
## Core tests. ##
## ----------- ##

configure:1767: checking for a BSD-compatible install
configure:1835: result: /usr/bin/install -c
configure:1846: checking whether build environment is sane
configure:1901: result: yes
configure:2050: checking for a thread-safe mkdir -p
configure:2089: result: /usr/bin/mkdir -p
configure:2096: checking for gawk
configure:2126: result: no
configure:2096: checking for mawk
configure:2112: found /usr/bin/mawk
configure:2123: result: mawk
configure:2134: checking whether make sets $(MAKE)
configure:2156: result: yes
configure:2185: checking whether make supports nested variables
configure:2202: result: yes
configure:2481: checking that generated files are newer than configure
configure:2487: result: done
configure:2495: creating ./config.status

## ---------------------- ##
## Running config.status. ##
## ---------------------- ##

This file was extended by opentee config.status 0.0.0, which was
generated by GNU Autoconf 2.69.  Invocation command line was

  CONFIG_FILES    = 
  CONFIG_HEADERS  = 
  CONFIG_LINKS    = 
  CONFIG_COMMANDS = 
  $ ./config.status 

on debian

config.status:741: creating Makefile
configure:3581: === configuring in emulator (/home/sekai/opteepkcs11fuzzer/opentee/build/emulator)
configure:3644: running /bin/bash ../../emulator/configure --disable-option-checking '--prefix=/opt/OpenTee'  --cache-file=/dev/null --srcdir=../../emulator
configure:3581: === configuring in libtee (/home/sekai/opteepkcs11fuzzer/opentee/build/libtee)
configure:3644: running /bin/bash ../../libtee/configure --disable-option-checking '--prefix=/opt/OpenTee'  --cache-file=/dev/null --srcdir=../../libtee
configure:3581: === configuring in liboptee_pkcs11 (/home/sekai/opteepkcs11fuzzer/opentee/build/liboptee_pkcs11)
configure:3644: running /bin/bash ../../liboptee_pkcs11/configure --disable-option-checking '--prefix=/opt/OpenTee'  --cache-file=/dev/null --srcdir=../../liboptee_pkcs11
configure:3581: === configuring in tests (/home/sekai/opteepkcs11fuzzer/opentee/build/tests)
configure:3644: running /bin/bash ../../tests/configure --disable-option-checking '--prefix=/opt/OpenTee'  --cache-file=/dev/null --srcdir=../../tests
configure:3581: === configuring in TAs (/home/sekai/opteepkcs11fuzzer/opentee/build/TAs)
configure:3644: running /bin/bash ../../TAs/configure --disable-option-checking '--prefix=/opt/OpenTee'  --cache-file=/dev/null --srcdir=../../TAs

## ---------------- ##
## Cache variables. ##
## ---------------- ##

ac_cv_env_build_alias_set=
ac_cv_env_build_alias_value=
ac_cv_env_host_alias_set=
ac_cv_env_host_alias_value=
ac_cv_env_target_alias_set=
ac_cv_env_target_alias_value=
ac_cv_path_install='/usr/bin/install -c'
ac_cv_path_mkdir=/usr/bin/mkdir
ac_cv_prog_AWK=mawk
ac_cv_prog_make_make_set=yes
am_cv_make_support_nested_variables=yes

## ----------------- ##
## Output variables. ##
## ----------------- ##

ACLOCAL='${SHELL} /home/sekai/opteepkcs11fuzzer/opentee/missing aclocal-1.16'
AMTAR='$${TAR-tar}'
AM_BACKSLASH='\'
AM_DEFAULT_V='$(AM_DEFAULT_VERBOSITY)'
AM_DEFAULT_VERBOSITY='1'
AM_V='$(V)'
AUTOCONF='${SHELL} /home/sekai/opteepkcs11fuzzer/opentee/missing autoconf'
AUTOHEADER='${SHELL} /home/sekai/opteepkcs11fuzzer/opentee/missing autoheader'
AUTOMAKE='${SHELL} /home/sekai/opteepkcs11fuzzer/opentee/missing automake-1.16'
AWK='mawk'
CYGPATH_W='echo'
DEFS='-DPACKAGE_NAME=\"opentee\" -DPACKAGE_TARNAME=\"opentee\" -DPACKAGE_VERSION=\"0.0.0\" -DPACKAGE_STRING=\"opentee\ 0.0.0\" -DPACKAGE_BUGREPORT=\"https://github.com/Open-TEE/project/issues\" -DPACKAGE_URL=\"https://github.com/Open-TEE\" -DPACKAGE=\"opentee\" -DVERSION=\"0.0.0\"'
ECHO_C=''
ECHO_N='-n'
ECHO_T=''
INSTALL_DATA='${INSTALL} -m 644'
INSTALL_PROGRAM='${INSTALL}'
INSTALL_SCRIPT='${INSTALL}'
INSTALL_STRIP_PROGRAM='$(install_sh) -c -s'
LIBOBJS=''
LIBS=''
LTLIBOBJS=''
MAKEINFO='${SHELL} /home/sekai/opteepkcs11fuzzer/opentee/missing makeinfo'
MKDIR_P='/usr/bin/mkdir -p'
PACKAGE='opentee'
PACKAGE_BUGREPORT='https://github.com/Open-TEE/project/issues'
PACKAGE_NAME='opentee'
PACKAGE_STRING='opentee 0.0.0'
PACKAGE_TARNAME='opentee'
PACKAGE_URL='https://github.com/Open-TEE'
PACKAGE_VERSION='0.0.0'
PATH_SEPARATOR=':'
SET_MAKE=''
SHELL='/bin/bash'
STRIP=''
VERSION='0.0.0'
am__isrc=' -I$(srcdir)'
am__leading_dot='.'
am__tar='$${TAR-tar} chof - "$$tardir"'
am__untar='$${TAR-tar} xf -'
bindir='${exec_prefix}/bin'
build_alias=''
datadir='${datarootdir}'
datarootdir='${prefix}/share'
docdir='${datarootdir}/doc/${PACKAGE_TARNAME}'
dvidir='${docdir}'
exec_prefix='${prefix}'
host_alias=''
htmldir='${docdir}'
includedir='${prefix}/include'
infodir='${datarootdir}/info'
install_sh='${SHELL} /home/sekai/opteepkcs11fuzzer/opentee/install-sh'
libdir='${exec_prefix}/lib'
libexecdir='${exec_prefix}/libexec'
localedir='${datarootdir}/locale'
localstatedir='${prefix}/var'
mandir='${datarootdir}/man'
mkdir_p='$(MKDIR_P)'
oldincludedir='/usr/include'
pdfdir='${docdir}'
prefix='/opt/OpenTee'
program_transform_name='s,x,x,'
psdir='${docdir}'
runstatedir='${localstatedir}/run'
sbindir='${exec_prefix}/sbin'
sharedstatedir='${prefix}/com'
subdirs=' emulator libtee liboptee_pkcs11 tests TAs'
sysconfdir='${prefix}/etc'
target_alias=''

## ----------- ##
## confdefs.h. ##
## ----------- ##

/* confdefs.h */
#define PACKAGE_NAME "opentee"
#define PACKAGE_TARNAME "opentee"
#define PACKAGE_VERSION "0.0.0"
#define PACKAGE_STRING "opentee 0.0.0"
#define PACKAGE_BUGREPORT "https://github.com/Open-TEE/project/issues"
#define PACKAGE_URL "https://github.com/Open-TEE"
#define PACKAGE "opentee"
#define VERSION "0.0.0"

configure: exit 0
