This file contains any messages produced by compilers while
running configure, to aid debugging if configure makes a mistake.

It was created by opentee-core configure 0.0.0, which was
generated by GNU Autoconf 2.69.  Invocation command line was

  $ ../../emulator/configure --disable-option-checking --prefix=/opt/OpenTee --cache-file=/dev/null --srcdir=../../emulator --no-create --no-recursion

## --------- ##
## Platform. ##
## --------- ##

hostname = debian
uname -m = x86_64
uname -r = 4.19.0-21-amd64
uname -s = Linux
uname -v = #1 SMP Debian 4.19.249-2 (2022-06-30)

/usr/bin/uname -p = unknown
/bin/uname -X     = unknown

/bin/arch              = x86_64
/usr/bin/arch -k       = unknown
/usr/convex/getsysinfo = unknown
/usr/bin/hostinfo      = unknown
/bin/machine           = unknown
/usr/bin/oslevel       = unknown
/bin/universe          = unknown

PATH: /usr/local/bin
PATH: /usr/bin
PATH: /bin
PATH: /usr/local/games
PATH: /usr/games


## ----------- ##
## Core tests. ##
## ----------- ##

configure:2268: checking for a BSD-compatible install
configure:2336: result: /usr/bin/install -c
configure:2347: checking whether build environment is sane
configure:2402: result: yes
configure:2551: checking for a thread-safe mkdir -p
configure:2590: result: /usr/bin/mkdir -p
configure:2597: checking for gawk
configure:2627: result: no
configure:2597: checking for mawk
configure:2613: found /usr/bin/mawk
configure:2624: result: mawk
configure:2635: checking whether make sets $(MAKE)
configure:2657: result: yes
configure:2686: checking whether make supports nested variables
configure:2703: result: yes
configure:2835: checking whether make supports the include directive
configure:2850: make -f confmf.GNU && cat confinc.out
make[2]: Entering directory '/home/sekai/opteepkcs11fuzzer/opentee/build/emulator'
make[2]: Leaving directory '/home/sekai/opteepkcs11fuzzer/opentee/build/emulator'
this is the am__doit target
configure:2853: $? = 0
configure:2872: result: yes (GNU style)
configure:2942: checking for gcc
configure:2958: found /usr/bin/gcc
configure:2969: result: gcc
configure:3198: checking for C compiler version
configure:3207: gcc --version >&5
gcc (Debian 8.3.0-6) 8.3.0
Copyright (C) 2018 Free Software Foundation, Inc.
This is free software; see the source for copying conditions.  There is NO
warranty; not even for MERCHANTABILITY or FITNESS FOR A PARTICULAR PURPOSE.

configure:3218: $? = 0
configure:3207: gcc -v >&5
Using built-in specs.
COLLECT_GCC=gcc
COLLECT_LTO_WRAPPER=/usr/lib/gcc/x86_64-linux-gnu/8/lto-wrapper
OFFLOAD_TARGET_NAMES=nvptx-none
OFFLOAD_TARGET_DEFAULT=1
Target: x86_64-linux-gnu
Configured with: ../src/configure -v --with-pkgversion='Debian 8.3.0-6' --with-bugurl=file:///usr/share/doc/gcc-8/README.Bugs --enable-languages=c,ada,c++,go,brig,d,fortran,objc,obj-c++ --prefix=/usr --with-gcc-major-version-only --program-suffix=-8 --program-prefix=x86_64-linux-gnu- --enable-shared --enable-linker-build-id --libexecdir=/usr/lib --without-included-gettext --enable-threads=posix --libdir=/usr/lib --enable-nls --enable-bootstrap --enable-clocale=gnu --enable-libstdcxx-debug --enable-libstdcxx-time=yes --with-default-libstdcxx-abi=new --enable-gnu-unique-object --disable-vtable-verify --enable-libmpx --enable-plugin --enable-default-pie --with-system-zlib --with-target-system-zlib --enable-objc-gc=auto --enable-multiarch --disable-werror --with-arch-32=i686 --with-abi=m64 --with-multilib-list=m32,m64,mx32 --enable-multilib --with-tune=generic --enable-offload-targets=nvptx-none --without-cuda-driver --enable-checking=release --build=x86_64-linux-gnu --host=x86_64-linux-gnu --target=x86_64-linux-gnu
Thread model: posix
gcc version 8.3.0 (Debian 8.3.0-6) 
configure:3218: $? = 0
configure:3207: gcc -V >&5
gcc: error: unrecognized command line option '-V'
gcc: fatal error: no input files
compilation terminated.
configure:3218: $? = 1
configure:3207: gcc -qversion >&5
gcc: error: unrecognized command line option '-qversion'; did you mean '--version'?
gcc: fatal error: no input files
compilation terminated.
configure:3218: $? = 1
configure:3238: checking whether the C compiler works
configure:3260: gcc    conftest.c  >&5
configure:3264: $? = 0
configure:3312: result: yes
configure:3315: checking for C compiler default output file name
configure:3317: result: a.out
configure:3323: checking for suffix of executables
configure:3330: gcc -o conftest    conftest.c  >&5
configure:3334: $? = 0
configure:3356: result: 
configure:3378: checking whether we are cross compiling
configure:3386: gcc -o conftest    conftest.c  >&5
configure:3390: $? = 0
configure:3397: ./conftest
configure:3401: $? = 0
configure:3389: result: no
configure:3394: checking for suffix of object files
configure:3416: gcc -c   conftest.c >&5
configure:3420: $? = 0
configure:3441: result: o
configure:3445: checking whether we are using the GNU C compiler
configure:3464: gcc -c   conftest.c >&5
configure:3464: $? = 0
configure:3473: result: yes
configure:3482: checking whether gcc accepts -g
configure:3502: gcc -c -g  conftest.c >&5
configure:3502: $? = 0
configure:3543: result: yes
configure:3560: checking for gcc option to accept ISO C89
configure:3623: gcc  -c -g -O2  conftest.c >&5
configure:3623: $? = 0
configure:3636: result: none needed
configure:3661: checking whether gcc understands -c and -o together
configure:3683: gcc -c conftest.c -o conftest2.o
configure:3686: $? = 0
configure:3683: gcc -c conftest.c -o conftest2.o
configure:3686: $? = 0
configure:3698: result: yes
configure:3717: checking dependency style of gcc
configure:3828: result: gcc3
configure:3849: checking how to run the C preprocessor
configure:3880: gcc -E  conftest.c
configure:3880: $? = 0
configure:3894: gcc -E  conftest.c
conftest.c:11:10: fatal error: ac_nonexistent.h: No such file or directory
 #include <ac_nonexistent.h>
          ^~~~~~~~~~~~~~~~~~
compilation terminated.
configure:3894: $? = 1
configure: failed program was:
| /* confdefs.h */
| #define PACKAGE_NAME "opentee-core"
| #define PACKAGE_TARNAME "opentee-core"
| #define PACKAGE_VERSION "0.0.0"
| #define PACKAGE_STRING "opentee-core 0.0.0"
| #define PACKAGE_BUGREPORT "https://github.com/Open-TEE/tee-engine/issues"
| #define PACKAGE_URL "https://github.com/Open-TEE"
| #define PACKAGE "opentee-core"
| #define VERSION "0.0.0"
| /* end confdefs.h.  */
| #include <ac_nonexistent.h>
configure:3919: result: gcc -E
configure:3939: gcc -E  conftest.c
configure:3939: $? = 0
configure:3953: gcc -E  conftest.c
conftest.c:11:10: fatal error: ac_nonexistent.h: No such file or directory
 #include <ac_nonexistent.h>
          ^~~~~~~~~~~~~~~~~~
compilation terminated.
configure:3953: $? = 1
configure: failed program was:
| /* confdefs.h */
| #define PACKAGE_NAME "opentee-core"
| #define PACKAGE_TARNAME "opentee-core"
| #define PACKAGE_VERSION "0.0.0"
| #define PACKAGE_STRING "opentee-core 0.0.0"
| #define PACKAGE_BUGREPORT "https://github.com/Open-TEE/tee-engine/issues"
| #define PACKAGE_URL "https://github.com/Open-TEE"
| #define PACKAGE "opentee-core"
| #define VERSION "0.0.0"
| /* end confdefs.h.  */
| #include <ac_nonexistent.h>
configure:3982: checking for grep that handles long lines and -e
configure:4040: result: /usr/bin/grep
configure:4045: checking for egrep
configure:4107: result: /usr/bin/grep -E
configure:4112: checking for ANSI C header files
configure:4132: gcc -c -g -O2  conftest.c >&5
configure:4132: $? = 0
configure:4205: gcc -o conftest -g -O2   conftest.c  >&5
configure:4205: $? = 0
configure:4205: ./conftest
configure:4205: $? = 0
configure:4216: result: yes
configure:4229: checking for sys/types.h
configure:4229: gcc -c -g -O2  conftest.c >&5
configure:4229: $? = 0
configure:4229: result: yes
configure:4229: checking for sys/stat.h
configure:4229: gcc -c -g -O2  conftest.c >&5
configure:4229: $? = 0
configure:4229: result: yes
configure:4229: checking for stdlib.h
configure:4229: gcc -c -g -O2  conftest.c >&5
configure:4229: $? = 0
configure:4229: result: yes
configure:4229: checking for string.h
configure:4229: gcc -c -g -O2  conftest.c >&5
configure:4229: $? = 0
configure:4229: result: yes
configure:4229: checking for memory.h
configure:4229: gcc -c -g -O2  conftest.c >&5
configure:4229: $? = 0
configure:4229: result: yes
configure:4229: checking for strings.h
configure:4229: gcc -c -g -O2  conftest.c >&5
configure:4229: $? = 0
configure:4229: result: yes
configure:4229: checking for inttypes.h
configure:4229: gcc -c -g -O2  conftest.c >&5
configure:4229: $? = 0
configure:4229: result: yes
configure:4229: checking for stdint.h
configure:4229: gcc -c -g -O2  conftest.c >&5
configure:4229: $? = 0
configure:4229: result: yes
configure:4229: checking for unistd.h
configure:4229: gcc -c -g -O2  conftest.c >&5
configure:4229: $? = 0
configure:4229: result: yes
configure:4242: checking minix/config.h usability
configure:4242: gcc -c -g -O2  conftest.c >&5
conftest.c:54:10: fatal error: minix/config.h: No such file or directory
 #include <minix/config.h>
          ^~~~~~~~~~~~~~~~
compilation terminated.
configure:4242: $? = 1
configure: failed program was:
| /* confdefs.h */
| #define PACKAGE_NAME "opentee-core"
| #define PACKAGE_TARNAME "opentee-core"
| #define PACKAGE_VERSION "0.0.0"
| #define PACKAGE_STRING "opentee-core 0.0.0"
| #define PACKAGE_BUGREPORT "https://github.com/Open-TEE/tee-engine/issues"
| #define PACKAGE_URL "https://github.com/Open-TEE"
| #define PACKAGE "opentee-core"
| #define VERSION "0.0.0"
| #define STDC_HEADERS 1
| #define HAVE_SYS_TYPES_H 1
| #define HAVE_SYS_STAT_H 1
| #define HAVE_STDLIB_H 1
| #define HAVE_STRING_H 1
| #define HAVE_MEMORY_H 1
| #define HAVE_STRINGS_H 1
| #define HAVE_INTTYPES_H 1
| #define HAVE_STDINT_H 1
| #define HAVE_UNISTD_H 1
| /* end confdefs.h.  */
| #include <stdio.h>
| #ifdef HAVE_SYS_TYPES_H
| # include <sys/types.h>
| #endif
| #ifdef HAVE_SYS_STAT_H
| # include <sys/stat.h>
| #endif
| #ifdef STDC_HEADERS
| # include <stdlib.h>
| # include <stddef.h>
| #else
| # ifdef HAVE_STDLIB_H
| #  include <stdlib.h>
| # endif
| #endif
| #ifdef HAVE_STRING_H
| # if !defined STDC_HEADERS && defined HAVE_MEMORY_H
| #  include <memory.h>
| # endif
| # include <string.h>
| #endif
| #ifdef HAVE_STRINGS_H
| # include <strings.h>
| #endif
| #ifdef HAVE_INTTYPES_H
| # include <inttypes.h>
| #endif
| #ifdef HAVE_STDINT_H
| # include <stdint.h>
| #endif
| #ifdef HAVE_UNISTD_H
| # include <unistd.h>
| #endif
| #include <minix/config.h>
configure:4242: result: no
configure:4242: checking minix/config.h presence
configure:4242: gcc -E  conftest.c
conftest.c:21:10: fatal error: minix/config.h: No such file or directory
 #include <minix/config.h>
          ^~~~~~~~~~~~~~~~
compilation terminated.
configure:4242: $? = 1
configure: failed program was:
| /* confdefs.h */
| #define PACKAGE_NAME "opentee-core"
| #define PACKAGE_TARNAME "opentee-core"
| #define PACKAGE_VERSION "0.0.0"
| #define PACKAGE_STRING "opentee-core 0.0.0"
| #define PACKAGE_BUGREPORT "https://github.com/Open-TEE/tee-engine/issues"
| #define PACKAGE_URL "https://github.com/Open-TEE"
| #define PACKAGE "opentee-core"
| #define VERSION "0.0.0"
| #define STDC_HEADERS 1
| #define HAVE_SYS_TYPES_H 1
| #define HAVE_SYS_STAT_H 1
| #define HAVE_STDLIB_H 1
| #define HAVE_STRING_H 1
| #define HAVE_MEMORY_H 1
| #define HAVE_STRINGS_H 1
| #define HAVE_INTTYPES_H 1
| #define HAVE_STDINT_H 1
| #define HAVE_UNISTD_H 1
| /* end confdefs.h.  */
| #include <minix/config.h>
configure:4242: result: no
configure:4242: checking for minix/config.h
configure:4242: result: no
configure:4263: checking whether it is safe to define __EXTENSIONS__
configure:4281: gcc -c -g -O2  conftest.c >&5
configure:4281: $? = 0
configure:4288: result: yes
configure:4352: checking for gcc
configure:4379: result: gcc
configure:4608: checking for C compiler version
configure:4617: gcc --version >&5
gcc (Debian 8.3.0-6) 8.3.0
Copyright (C) 2018 Free Software Foundation, Inc.
This is free software; see the source for copying conditions.  There is NO
warranty; not even for MERCHANTABILITY or FITNESS FOR A PARTICULAR PURPOSE.

configure:4628: $? = 0
configure:4617: gcc -v >&5
Using built-in specs.
COLLECT_GCC=gcc
COLLECT_LTO_WRAPPER=/usr/lib/gcc/x86_64-linux-gnu/8/lto-wrapper
OFFLOAD_TARGET_NAMES=nvptx-none
OFFLOAD_TARGET_DEFAULT=1
Target: x86_64-linux-gnu
Configured with: ../src/configure -v --with-pkgversion='Debian 8.3.0-6' --with-bugurl=file:///usr/share/doc/gcc-8/README.Bugs --enable-languages=c,ada,c++,go,brig,d,fortran,objc,obj-c++ --prefix=/usr --with-gcc-major-version-only --program-suffix=-8 --program-prefix=x86_64-linux-gnu- --enable-shared --enable-linker-build-id --libexecdir=/usr/lib --without-included-gettext --enable-threads=posix --libdir=/usr/lib --enable-nls --enable-bootstrap --enable-clocale=gnu --enable-libstdcxx-debug --enable-libstdcxx-time=yes --with-default-libstdcxx-abi=new --enable-gnu-unique-object --disable-vtable-verify --enable-libmpx --enable-plugin --enable-default-pie --with-system-zlib --with-target-system-zlib --enable-objc-gc=auto --enable-multiarch --disable-werror --with-arch-32=i686 --with-abi=m64 --with-multilib-list=m32,m64,mx32 --enable-multilib --with-tune=generic --enable-offload-targets=nvptx-none --without-cuda-driver --enable-checking=release --build=x86_64-linux-gnu --host=x86_64-linux-gnu --target=x86_64-linux-gnu
Thread model: posix
gcc version 8.3.0 (Debian 8.3.0-6) 
configure:4628: $? = 0
configure:4617: gcc -V >&5
gcc: error: unrecognized command line option '-V'
gcc: fatal error: no input files
compilation terminated.
configure:4628: $? = 1
configure:4617: gcc -qversion >&5
gcc: error: unrecognized command line option '-qversion'; did you mean '--version'?
gcc: fatal error: no input files
compilation terminated.
configure:4628: $? = 1
configure:4632: checking whether we are using the GNU C compiler
configure:4660: result: yes
configure:4669: checking whether gcc accepts -g
configure:4730: result: yes
configure:4747: checking for gcc option to accept ISO C89
configure:4823: result: none needed
configure:4848: checking whether gcc understands -c and -o together
configure:4885: result: yes
configure:4904: checking dependency style of gcc
configure:5015: result: gcc3
configure:5059: checking build system type
configure:5073: result: x86_64-pc-linux-gnu
configure:5093: checking host system type
configure:5106: result: x86_64-pc-linux-gnu
configure:5147: checking how to print strings
configure:5174: result: printf
configure:5195: checking for a sed that does not truncate output
configure:5259: result: /usr/bin/sed
configure:5277: checking for fgrep
configure:5339: result: /usr/bin/grep -F
configure:5374: checking for ld used by gcc
configure:5441: result: /usr/bin/ld
configure:5448: checking if the linker (/usr/bin/ld) is GNU ld
configure:5463: result: yes
configure:5475: checking for BSD- or MS-compatible name lister (nm)
configure:5529: result: /usr/bin/nm -B
configure:5659: checking the name lister (/usr/bin/nm -B) interface
configure:5666: gcc -c -g -O2  conftest.c >&5
configure:5669: /usr/bin/nm -B "conftest.o"
configure:5672: output
0000000000000000 B some_variable
configure:5673: result: BSD nm
configure:5676: checking whether ln -s works
configure:5680: result: yes
configure:5688: checking the maximum length of command line arguments
configure:5819: result: 1572864
configure:5867: checking how to convert x86_64-pc-linux-gnu file names to x86_64-pc-linux-gnu format
configure:5907: result: func_convert_file_noop
configure:5914: checking how to convert x86_64-pc-linux-gnu file names to toolchain format
configure:5934: result: func_convert_file_noop
configure:5941: checking for /usr/bin/ld option to reload object files
configure:5948: result: -r
configure:6022: checking for file
configure:6038: found /usr/bin/file
configure:6049: result: file
configure:6120: checking for objdump
configure:6136: found /usr/bin/objdump
configure:6147: result: objdump
configure:6179: checking how to recognize dependent libraries
configure:6379: result: pass_all
configure:6464: checking for dlltool
configure:6494: result: no
configure:6524: checking how to associate runtime and link libraries
configure:6551: result: printf %s\n
configure:6611: checking for ar
configure:6627: found /usr/bin/ar
configure:6638: result: ar
configure:6691: checking for archiver @FILE support
configure:6708: gcc -c -g -O2  conftest.c >&5
configure:6708: $? = 0
configure:6711: ar cr libconftest.a @conftest.lst >&5
configure:6714: $? = 0
configure:6719: ar cr libconftest.a @conftest.lst >&5
ar: conftest.o: No such file or directory
configure:6722: $? = 1
configure:6721: result: @
configure:6779: checking for strip
configure:6795: found /usr/bin/strip
configure:6806: result: strip
configure:6878: checking for ranlib
configure:6894: found /usr/bin/ranlib
configure:6905: result: ranlib
configure:7007: checking command to parse /usr/bin/nm -B output from gcc object
configure:7160: gcc -c -g -O2  conftest.c >&5
configure:7163: $? = 0
configure:7167: /usr/bin/nm -B conftest.o \| /usr/bin/sed -n -e 's/^.*[ ]\([ABCDGIRSTW][ABCDGIRSTW]*\)[ ][ ]*\([_A-Za-z][_A-Za-z0-9]*\)$/\1 \2 \2/p' | /usr/bin/sed '/ __gnu_lto/d' \> conftest.nm
configure:7170: $? = 0
configure:7236: gcc -o conftest -g -O2   conftest.c conftstm.o >&5
configure:7239: $? = 0
configure:7277: result: ok
configure:7324: checking for sysroot
configure:7354: result: no
configure:7361: checking for a working dd
configure:7399: result: /usr/bin/dd
configure:7403: checking how to truncate binary pipes
configure:7418: result: /usr/bin/dd bs=4096 count=1
configure:7554: gcc -c -g -O2  conftest.c >&5
configure:7557: $? = 0
configure:7747: checking for mt
configure:7763: found /usr/bin/mt
configure:7774: result: mt
configure:7797: checking if mt is a manifest tool
configure:7803: mt '-?'
configure:7811: result: no
configure:8480: checking for dlfcn.h
configure:8480: gcc -c -g -O2  conftest.c >&5
configure:8480: $? = 0
configure:8480: result: yes
configure:8736: checking for objdir
configure:8751: result: .libs
configure:9015: checking if gcc supports -fno-rtti -fno-exceptions
configure:9033: gcc -c -g -O2  -fno-rtti -fno-exceptions conftest.c >&5
cc1: warning: command line option '-fno-rtti' is valid for C++/ObjC++ but not for C
configure:9037: $? = 0
configure:9050: result: no
configure:9408: checking for gcc option to produce PIC
configure:9415: result: -fPIC -DPIC
configure:9423: checking if gcc PIC flag -fPIC -DPIC works
configure:9441: gcc -c -g -O2  -fPIC -DPIC -DPIC conftest.c >&5
configure:9445: $? = 0
configure:9458: result: yes
configure:9487: checking if gcc static flag -static works
configure:9515: result: yes
configure:9530: checking if gcc supports -c -o file.o
configure:9551: gcc -c -g -O2  -o out/conftest2.o conftest.c >&5
configure:9555: $? = 0
configure:9577: result: yes
configure:9585: checking if gcc supports -c -o file.o
configure:9632: result: yes
configure:9665: checking whether the gcc linker (/usr/bin/ld -m elf_x86_64) supports shared libraries
configure:10926: result: yes
configure:10963: checking whether -lc should be explicitly linked in
configure:10971: gcc -c -g -O2  conftest.c >&5
configure:10974: $? = 0
configure:10989: gcc -shared  -fPIC -DPIC conftest.o  -v -Wl,-soname -Wl,conftest -o conftest 2\>\&1 \| /usr/bin/grep  -lc  \>/dev/null 2\>\&1
configure:10992: $? = 0
configure:11006: result: no
configure:11166: checking dynamic linker characteristics
configure:11747: gcc -o conftest -g -O2   -Wl,-rpath -Wl,/foo conftest.c  >&5
configure:11747: $? = 0
configure:11984: result: GNU/Linux ld.so
configure:12106: checking how to hardcode library paths into programs
configure:12131: result: immediate
configure:12679: checking whether stripping libraries is possible
configure:12688: result: yes
configure:12730: checking if libtool supports shared libraries
configure:12732: result: yes
configure:12735: checking whether to build shared libraries
configure:12760: result: yes
configure:12763: checking whether to build static libraries
configure:12767: result: yes
configure:9585: checking for pthread_create in -lpthread
configure:9610: gcc -o conftest -g -O2   conftest.c -lpthread   >&5
configure:9610: $? = 0
configure:9619: result: yes
configure:9630: checking for SSL_CTX_new in -lssl
configure:9655: gcc -o conftest -g -O2   conftest.c -lssl  -lpthread  >&5
configure:9655: $? = 0
configure:9664: result: yes
configure:9675: checking for ENGINE_cleanup in -lcrypto
configure:9700: gcc -o conftest -g -O2   conftest.c -lcrypto  -lssl -lpthread  >&5
configure:9700: $? = 0
configure:9709: result: yes
configure:9720: checking for dlopen in -ldl
configure:9745: gcc -o conftest -g -O2   conftest.c -ldl  -lcrypto -lssl -lpthread  >&5
configure:9745: $? = 0
configure:9754: result: yes
configure:9765: checking for elf_version in -lelf
configure:9790: gcc -o conftest -g -O2   conftest.c -lelf  -ldl -lcrypto -lssl -lpthread  >&5
configure:9790: $? = 0
configure:9799: result: yes
configure:9810: checking for crc32 in -lz
configure:9835: gcc -o conftest -g -O2   conftest.c -lz  -lelf -ldl -lcrypto -lssl -lpthread  >&5
configure:9835: $? = 0
configure:9844: result: yes
configure:9855: checking for uuid_generate in -luuid
configure:9880: gcc -o conftest -g -O2   conftest.c -luuid  -lz -lelf -ldl -lcrypto -lssl -lpthread  >&5
configure:9880: $? = 0
configure:9889: result: yes
configure:9900: checking for shm_open in -lrt
configure:9925: gcc -o conftest -g -O2   conftest.c -lrt  -luuid -lz -lelf -ldl -lcrypto -lssl -lpthread  >&5
configure:9925: $? = 0
configure:9934: result: yes
configure:10087: checking that generated files are newer than configure
configure:10093: result: done
configure:10120: creating ./config.status

## ---------------- ##
## Cache variables. ##
## ---------------- ##

ac_cv_build=x86_64-pc-linux-gnu
ac_cv_c_compiler_gnu=yes
ac_cv_env_CC_set=
ac_cv_env_CC_value=
ac_cv_env_CFLAGS_set=
ac_cv_env_CFLAGS_value=
ac_cv_env_CPPFLAGS_set=
ac_cv_env_CPPFLAGS_value=
ac_cv_env_CPP_set=
ac_cv_env_CPP_value=
ac_cv_env_LDFLAGS_set=
ac_cv_env_LDFLAGS_value=
ac_cv_env_LIBS_set=
ac_cv_env_LIBS_value=
ac_cv_env_LT_SYS_LIBRARY_PATH_set=
ac_cv_env_LT_SYS_LIBRARY_PATH_value=
ac_cv_env_build_alias_set=
ac_cv_env_build_alias_value=
ac_cv_env_host_alias_set=
ac_cv_env_host_alias_value=
ac_cv_env_target_alias_set=
ac_cv_env_target_alias_value=
ac_cv_header_dlfcn_h=yes
ac_cv_header_inttypes_h=yes
ac_cv_header_memory_h=yes
ac_cv_header_minix_config_h=no
ac_cv_header_stdc=yes
ac_cv_header_stdint_h=yes
ac_cv_header_stdlib_h=yes
ac_cv_header_string_h=yes
ac_cv_header_strings_h=yes
ac_cv_header_sys_stat_h=yes
ac_cv_header_sys_types_h=yes
ac_cv_header_unistd_h=yes
ac_cv_host=x86_64-pc-linux-gnu
ac_cv_lib_crypto_ENGINE_cleanup=yes
ac_cv_lib_dl_dlopen=yes
ac_cv_lib_elf_elf_version=yes
ac_cv_lib_pthread_pthread_create=yes
ac_cv_lib_rt_shm_open=yes
ac_cv_lib_ssl_SSL_CTX_new=yes
ac_cv_lib_uuid_uuid_generate=yes
ac_cv_lib_z_crc32=yes
ac_cv_objext=o
ac_cv_path_EGREP='/usr/bin/grep -E'
ac_cv_path_FGREP='/usr/bin/grep -F'
ac_cv_path_GREP=/usr/bin/grep
ac_cv_path_SED=/usr/bin/sed
ac_cv_path_install='/usr/bin/install -c'
ac_cv_path_lt_DD=/usr/bin/dd
ac_cv_path_mkdir=/usr/bin/mkdir
ac_cv_prog_AWK=mawk
ac_cv_prog_CPP='gcc -E'
ac_cv_prog_ac_ct_AR=ar
ac_cv_prog_ac_ct_CC=gcc
ac_cv_prog_ac_ct_FILECMD=file
ac_cv_prog_ac_ct_MANIFEST_TOOL=mt
ac_cv_prog_ac_ct_OBJDUMP=objdump
ac_cv_prog_ac_ct_RANLIB=ranlib
ac_cv_prog_ac_ct_STRIP=strip
ac_cv_prog_cc_c89=
ac_cv_prog_cc_g=yes
ac_cv_prog_make_make_set=yes
ac_cv_safe_to_define___extensions__=yes
am_cv_CC_dependencies_compiler_type=gcc3
am_cv_make_support_nested_variables=yes
am_cv_prog_cc_c_o=yes
lt_cv_ar_at_file=@
lt_cv_archive_cmds_need_lc=no
lt_cv_deplibs_check_method=pass_all
lt_cv_file_magic_cmd='$MAGIC_CMD'
lt_cv_file_magic_test_file=
lt_cv_ld_reload_flag=-r
lt_cv_nm_interface='BSD nm'
lt_cv_objdir=.libs
lt_cv_path_LD=/usr/bin/ld
lt_cv_path_NM='/usr/bin/nm -B'
lt_cv_path_mainfest_tool=no
lt_cv_prog_compiler_c_o=yes
lt_cv_prog_compiler_pic='-fPIC -DPIC'
lt_cv_prog_compiler_pic_works=yes
lt_cv_prog_compiler_rtti_exceptions=no
lt_cv_prog_compiler_static_works=yes
lt_cv_prog_gnu_ld=yes
lt_cv_sharedlib_from_linklib_cmd='printf %s\n'
lt_cv_shlibpath_overrides_runpath=yes
lt_cv_sys_global_symbol_pipe='/usr/bin/sed -n -e '\''s/^.*[    ]\([ABCDGIRSTW][ABCDGIRSTW]*\)[   ][    ]*\([_A-Za-z][_A-Za-z0-9]*\)$/\1 \2 \2/p'\'' | /usr/bin/sed '\''/ __gnu_lto/d'\'''
lt_cv_sys_global_symbol_to_c_name_address='/usr/bin/sed -n -e '\''s/^: \(.*\) .*$/  {"\1", (void *) 0},/p'\'' -e '\''s/^[ABCDGIRSTW][ABCDGIRSTW]* .* \(.*\)$/  {"\1", (void *) \&\1},/p'\'''
lt_cv_sys_global_symbol_to_c_name_address_lib_prefix='/usr/bin/sed -n -e '\''s/^: \(.*\) .*$/  {"\1", (void *) 0},/p'\'' -e '\''s/^[ABCDGIRSTW][ABCDGIRSTW]* .* \(lib.*\)$/  {"\1", (void *) \&\1},/p'\'' -e '\''s/^[ABCDGIRSTW][ABCDGIRSTW]* .* \(.*\)$/  {"lib\1", (void *) \&\1},/p'\'''
lt_cv_sys_global_symbol_to_cdecl='/usr/bin/sed -n -e '\''s/^T .* \(.*\)$/extern int \1();/p'\'' -e '\''s/^[ABCDGIRSTW][ABCDGIRSTW]* .* \(.*\)$/extern char \1;/p'\'''
lt_cv_sys_global_symbol_to_import=
lt_cv_sys_max_cmd_len=1572864
lt_cv_to_host_file_cmd=func_convert_file_noop
lt_cv_to_tool_file_cmd=func_convert_file_noop
lt_cv_truncate_bin='/usr/bin/dd bs=4096 count=1'

## ----------------- ##
## Output variables. ##
## ----------------- ##

ACLOCAL='${SHELL} /home/sekai/opteepkcs11fuzzer/opentee/emulator/missing aclocal-1.16'
AMDEPBACKSLASH='\'
AMDEP_FALSE='#'
AMDEP_TRUE=''
AMTAR='$${TAR-tar}'
AM_BACKSLASH='\'
AM_DEFAULT_V='$(AM_DEFAULT_VERBOSITY)'
AM_DEFAULT_VERBOSITY='1'
AM_V='$(V)'
AR='ar'
AUTOCONF='${SHELL} /home/sekai/opteepkcs11fuzzer/opentee/emulator/missing autoconf'
AUTOHEADER='${SHELL} /home/sekai/opteepkcs11fuzzer/opentee/emulator/missing autoheader'
AUTOMAKE='${SHELL} /home/sekai/opteepkcs11fuzzer/opentee/emulator/missing automake-1.16'
AWK='mawk'
CC='gcc'
CCDEPMODE='depmode=gcc3'
CFLAGS='-g -O2'
CPP='gcc -E'
CPPFLAGS=''
CYGPATH_W='echo'
DEFS='-DPACKAGE_NAME=\"opentee-core\" -DPACKAGE_TARNAME=\"opentee-core\" -DPACKAGE_VERSION=\"0.0.0\" -DPACKAGE_STRING=\"opentee-core\ 0.0.0\" -DPACKAGE_BUGREPORT=\"https://github.com/Open-TEE/tee-engine/issues\" -DPACKAGE_URL=\"https://github.com/Open-TEE\" -DPACKAGE=\"opentee-core\" -DVERSION=\"0.0.0\" -DSTDC_HEADERS=1 -DHAVE_SYS_TYPES_H=1 -DHAVE_SYS_STAT_H=1 -DHAVE_STDLIB_H=1 -DHAVE_STRING_H=1 -DHAVE_MEMORY_H=1 -DHAVE_STRINGS_H=1 -DHAVE_INTTYPES_H=1 -DHAVE_STDINT_H=1 -DHAVE_UNISTD_H=1 -D__EXTENSIONS__=1 -D_ALL_SOURCE=1 -D_GNU_SOURCE=1 -D_POSIX_PTHREAD_SEMANTICS=1 -D_TANDEM_SOURCE=1 -DHAVE_DLFCN_H=1 -DLT_OBJDIR=\".libs/\" -DHAVE_LIBPTHREAD=1 -DHAVE_LIBSSL=1 -DHAVE_LIBCRYPTO=1 -DHAVE_LIBDL=1 -DHAVE_LIBELF=1 -DHAVE_LIBZ=1 -DHAVE_LIBUUID=1 -DHAVE_LIBRT=1'
DEPDIR='.deps'
DLLTOOL='false'
DSYMUTIL=''
DUMPBIN=''
ECHO_C=''
ECHO_N='-n'
ECHO_T=''
EGREP='/usr/bin/grep -E'
EXEEXT=''
FGREP='/usr/bin/grep -F'
FILECMD='file'
GREP='/usr/bin/grep'
INSTALL_DATA='${INSTALL} -m 644'
INSTALL_PROGRAM='${INSTALL}'
INSTALL_SCRIPT='${INSTALL}'
INSTALL_STRIP_PROGRAM='$(install_sh) -c -s'
LD='/usr/bin/ld -m elf_x86_64'
LDFLAGS=''
LIBOBJS=''
LIBS='-lrt -luuid -lz -lelf -ldl -lcrypto -lssl -lpthread '
LIBTOOL='$(SHELL) $(top_builddir)/libtool'
LIPO=''
LN_S='ln -s'
LTLIBOBJS=''
LT_SYS_LIBRARY_PATH=''
MAKEINFO='${SHELL} /home/sekai/opteepkcs11fuzzer/opentee/emulator/missing makeinfo'
MANIFEST_TOOL=':'
MKDIR_P='/usr/bin/mkdir -p'
NM='/usr/bin/nm -B'
NMEDIT=''
OBJDUMP='objdump'
OBJEXT='o'
OTOOL64=''
OTOOL=''
PACKAGE='opentee-core'
PACKAGE_BUGREPORT='https://github.com/Open-TEE/tee-engine/issues'
PACKAGE_NAME='opentee-core'
PACKAGE_STRING='opentee-core 0.0.0'
PACKAGE_TARNAME='opentee-core'
PACKAGE_URL='https://github.com/Open-TEE'
PACKAGE_VERSION='0.0.0'
PATH_SEPARATOR=':'
RANLIB='ranlib'
SED='/usr/bin/sed'
SET_MAKE=''
SHELL='/bin/bash'
STRIP='strip'
VERSION='0.0.0'
ac_ct_AR='ar'
ac_ct_CC='gcc'
ac_ct_DUMPBIN=''
am__EXEEXT_FALSE=''
am__EXEEXT_TRUE='#'
am__fastdepCC_FALSE='#'
am__fastdepCC_TRUE=''
am__include='include'
am__isrc=' -I$(srcdir)'
am__leading_dot='.'
am__nodep='_no'
am__quote=''
am__tar='$${TAR-tar} chof - "$$tardir"'
am__untar='$${TAR-tar} xf -'
bindir='${exec_prefix}/bin'
build='x86_64-pc-linux-gnu'
build_alias=''
build_cpu='x86_64'
build_os='linux-gnu'
build_vendor='pc'
datadir='${datarootdir}'
datarootdir='${prefix}/share'
docdir='${datarootdir}/doc/${PACKAGE_TARNAME}'
dvidir='${docdir}'
exec_prefix='${prefix}'
host='x86_64-pc-linux-gnu'
host_alias=''
host_cpu='x86_64'
host_os='linux-gnu'
host_vendor='pc'
htmldir='${docdir}'
includedir='${prefix}/include'
infodir='${datarootdir}/info'
install_sh='${SHELL} /home/sekai/opteepkcs11fuzzer/opentee/emulator/install-sh'
libdir='${exec_prefix}/lib'
libexecdir='${exec_prefix}/libexec'
localedir='${datarootdir}/locale'
localstatedir='${prefix}/var'
mandir='${datarootdir}/man'
mkdir_p='$(MKDIR_P)'
oldincludedir='/usr/include'
pdfdir='${docdir}'
prefix='/opt/OpenTee'
program_transform_name='s,x,x,'
psdir='${docdir}'
runstatedir='${localstatedir}/run'
sbindir='${exec_prefix}/sbin'
sharedstatedir='${prefix}/com'
sysconfdir='${prefix}/etc'
target_alias=''

## ----------- ##
## confdefs.h. ##
## ----------- ##

/* confdefs.h */
#define PACKAGE_NAME "opentee-core"
#define PACKAGE_TARNAME "opentee-core"
#define PACKAGE_VERSION "0.0.0"
#define PACKAGE_STRING "opentee-core 0.0.0"
#define PACKAGE_BUGREPORT "https://github.com/Open-TEE/tee-engine/issues"
#define PACKAGE_URL "https://github.com/Open-TEE"
#define PACKAGE "opentee-core"
#define VERSION "0.0.0"
#define STDC_HEADERS 1
#define HAVE_SYS_TYPES_H 1
#define HAVE_SYS_STAT_H 1
#define HAVE_STDLIB_H 1
#define HAVE_STRING_H 1
#define HAVE_MEMORY_H 1
#define HAVE_STRINGS_H 1
#define HAVE_INTTYPES_H 1
#define HAVE_STDINT_H 1
#define HAVE_UNISTD_H 1
#define __EXTENSIONS__ 1
#define _ALL_SOURCE 1
#define _GNU_SOURCE 1
#define _POSIX_PTHREAD_SEMANTICS 1
#define _TANDEM_SOURCE 1
#define HAVE_DLFCN_H 1
#define LT_OBJDIR ".libs/"
#define HAVE_LIBPTHREAD 1
#define HAVE_LIBSSL 1
#define HAVE_LIBCRYPTO 1
#define HAVE_LIBDL 1
#define HAVE_LIBELF 1
#define HAVE_LIBZ 1
#define HAVE_LIBUUID 1
#define HAVE_LIBRT 1

configure: exit 0

## ---------------------- ##
## Running config.status. ##
## ---------------------- ##

This file was extended by opentee-core config.status 0.0.0, which was
generated by GNU Autoconf 2.69.  Invocation command line was

  CONFIG_FILES    = 
  CONFIG_HEADERS  = 
  CONFIG_LINKS    = 
  CONFIG_COMMANDS = 
  $ ./config.status 

on debian

config.status:1009: creating Makefile
config.status:1166: executing depfiles commands
config.status:1243: cd .       && sed -e '/# am--include-marker/d' Makefile         | make -f - am--depfiles
make[2]: Entering directory '/home/sekai/opteepkcs11fuzzer/opentee/build/emulator'
make[2]: warning: jobserver unavailable: using -j1.  Add '+' to parent make rule.
make[2]: Nothing to be done for 'am--depfiles'.
make[2]: Leaving directory '/home/sekai/opteepkcs11fuzzer/opentee/build/emulator'
config.status:1248: $? = 0
config.status:1166: executing libtool commands
