This file contains any messages produced by compilers while
running configure, to aid debugging if configure makes a mistake.

It was created by TAs configure 0.0.0, which was
generated by GNU Autoconf 2.69.  Invocation command line was

  $ ../../TAs/configure --disable-option-checking --prefix=/opt/OpenTee --cache-file=/dev/null --srcdir=../../TAs

## --------- ##
## Platform. ##
## --------- ##

hostname = debian
uname -m = x86_64
uname -r = 4.19.0-21-amd64
uname -s = Linux
uname -v = #1 SMP Debian 4.19.249-2 (2022-06-30)

/usr/bin/uname -p = unknown
/bin/uname -X     = unknown

/bin/arch              = x86_64
/usr/bin/arch -k       = unknown
/usr/convex/getsysinfo = unknown
/usr/bin/hostinfo      = unknown
/bin/machine           = unknown
/usr/bin/oslevel       = unknown
/bin/universe          = unknown

PATH: /usr/local/bin
PATH: /usr/bin
PATH: /bin
PATH: /usr/local/games
PATH: /usr/games


## ----------- ##
## Core tests. ##
## ----------- ##

configure:2177: checking for a BSD-compatible install
configure:2245: result: /usr/bin/install -c
configure:2256: checking whether build environment is sane
configure:2311: result: yes
configure:2460: checking for a thread-safe mkdir -p
configure:2499: result: /usr/bin/mkdir -p
configure:2506: checking for gawk
configure:2536: result: no
configure:2506: checking for mawk
configure:2522: found /usr/bin/mawk
configure:2533: result: mawk
configure:2544: checking whether make sets $(MAKE)
configure:2566: result: yes
configure:2595: checking whether make supports nested variables
configure:2612: result: yes
configure:2790: checking for gcc
configure:2806: found /usr/bin/gcc
configure:2817: result: gcc
configure:3046: checking for C compiler version
configure:3055: gcc --version >&5
gcc (Debian 8.3.0-6) 8.3.0
Copyright (C) 2018 Free Software Foundation, Inc.
This is free software; see the source for copying conditions.  There is NO
warranty; not even for MERCHANTABILITY or FITNESS FOR A PARTICULAR PURPOSE.

configure:3066: $? = 0
configure:3055: gcc -v >&5
Using built-in specs.
COLLECT_GCC=gcc
COLLECT_LTO_WRAPPER=/usr/lib/gcc/x86_64-linux-gnu/8/lto-wrapper
OFFLOAD_TARGET_NAMES=nvptx-none
OFFLOAD_TARGET_DEFAULT=1
Target: x86_64-linux-gnu
Configured with: ../src/configure -v --with-pkgversion='Debian 8.3.0-6' --with-bugurl=file:///usr/share/doc/gcc-8/README.Bugs --enable-languages=c,ada,c++,go,brig,d,fortran,objc,obj-c++ --prefix=/usr --with-gcc-major-version-only --program-suffix=-8 --program-prefix=x86_64-linux-gnu- --enable-shared --enable-linker-build-id --libexecdir=/usr/lib --without-included-gettext --enable-threads=posix --libdir=/usr/lib --enable-nls --enable-bootstrap --enable-clocale=gnu --enable-libstdcxx-debug --enable-libstdcxx-time=yes --with-default-libstdcxx-abi=new --enable-gnu-unique-object --disable-vtable-verify --enable-libmpx --enable-plugin --enable-default-pie --with-system-zlib --with-target-system-zlib --enable-objc-gc=auto --enable-multiarch --disable-werror --with-arch-32=i686 --with-abi=m64 --with-multilib-list=m32,m64,mx32 --enable-multilib --with-tune=generic --enable-offload-targets=nvptx-none --without-cuda-driver --enable-checking=release --build=x86_64-linux-gnu --host=x86_64-linux-gnu --target=x86_64-linux-gnu
Thread model: posix
gcc version 8.3.0 (Debian 8.3.0-6) 
configure:3066: $? = 0
configure:3055: gcc -V >&5
gcc: error: unrecognized command line option '-V'
gcc: fatal error: no input files
compilation terminated.
configure:3066: $? = 1
configure:3055: gcc -qversion >&5
gcc: error: unrecognized command line option '-qversion'; did you mean '--version'?
gcc: fatal error: no input files
compilation terminated.
configure:3066: $? = 1
configure:3086: checking whether the C compiler works
configure:3108: gcc    conftest.c  >&5
configure:3112: $? = 0
configure:3160: result: yes
configure:3163: checking for C compiler default output file name
configure:3165: result: a.out
configure:3171: checking for suffix of executables
configure:3178: gcc -o conftest    conftest.c  >&5
configure:3182: $? = 0
configure:3204: result: 
configure:3226: checking whether we are cross compiling
configure:3234: gcc -o conftest    conftest.c  >&5
configure:3238: $? = 0
configure:3245: ./conftest
configure:3249: $? = 0
configure:3237: result: no
configure:3242: checking for suffix of object files
configure:3264: gcc -c   conftest.c >&5
configure:3268: $? = 0
configure:3289: result: o
configure:3293: checking whether we are using the GNU C compiler
configure:3312: gcc -c   conftest.c >&5
configure:3312: $? = 0
configure:3321: result: yes
configure:3330: checking whether gcc accepts -g
configure:3350: gcc -c -g  conftest.c >&5
configure:3350: $? = 0
configure:3391: result: yes
configure:3408: checking for gcc option to accept ISO C89
configure:3471: gcc  -c -g -O2  conftest.c >&5
configure:3471: $? = 0
configure:3484: result: none needed
configure:3509: checking whether gcc understands -c and -o together
configure:3531: gcc -c conftest.c -o conftest2.o
configure:3534: $? = 0
configure:3531: gcc -c conftest.c -o conftest2.o
configure:3534: $? = 0
configure:3546: result: yes
configure:3566: checking whether make supports the include directive
configure:3581: make -f confmf.GNU && cat confinc.out
this is the am__doit target
configure:3584: $? = 0
configure:3603: result: yes (GNU style)
configure:3628: checking dependency style of gcc
configure:3739: result: gcc3
configure:3847: checking build system type
configure:3861: result: x86_64-pc-linux-gnu
configure:3881: checking host system type
configure:3894: result: x86_64-pc-linux-gnu
configure:3935: checking how to print strings
configure:3962: result: printf
configure:3983: checking for a sed that does not truncate output
configure:4047: result: /usr/bin/sed
configure:4065: checking for grep that handles long lines and -e
configure:4123: result: /usr/bin/grep
configure:4128: checking for egrep
configure:4190: result: /usr/bin/grep -E
configure:4195: checking for fgrep
configure:4257: result: /usr/bin/grep -F
configure:4292: checking for ld used by gcc
configure:4359: result: /usr/bin/ld
configure:4366: checking if the linker (/usr/bin/ld) is GNU ld
configure:4381: result: yes
configure:4393: checking for BSD- or MS-compatible name lister (nm)
configure:4447: result: /usr/bin/nm -B
configure:4577: checking the name lister (/usr/bin/nm -B) interface
configure:4584: gcc -c -g -O2  conftest.c >&5
configure:4587: /usr/bin/nm -B "conftest.o"
configure:4590: output
0000000000000000 B some_variable
configure:4591: result: BSD nm
configure:4594: checking whether ln -s works
configure:4598: result: yes
configure:4606: checking the maximum length of command line arguments
configure:4737: result: 1572864
configure:4785: checking how to convert x86_64-pc-linux-gnu file names to x86_64-pc-linux-gnu format
configure:4825: result: func_convert_file_noop
configure:4832: checking how to convert x86_64-pc-linux-gnu file names to toolchain format
configure:4852: result: func_convert_file_noop
configure:4859: checking for /usr/bin/ld option to reload object files
configure:4866: result: -r
configure:4940: checking for file
configure:4956: found /usr/bin/file
configure:4967: result: file
configure:5038: checking for objdump
configure:5054: found /usr/bin/objdump
configure:5065: result: objdump
configure:5097: checking how to recognize dependent libraries
configure:5297: result: pass_all
configure:5382: checking for dlltool
configure:5412: result: no
configure:5442: checking how to associate runtime and link libraries
configure:5469: result: printf %s\n
configure:5530: checking for ar
configure:5546: found /usr/bin/ar
configure:5557: result: ar
configure:5610: checking for archiver @FILE support
configure:5627: gcc -c -g -O2  conftest.c >&5
configure:5627: $? = 0
configure:5630: ar cr libconftest.a @conftest.lst >&5
configure:5633: $? = 0
configure:5638: ar cr libconftest.a @conftest.lst >&5
ar: conftest.o: No such file or directory
configure:5641: $? = 1
configure:5640: result: @
configure:5698: checking for strip
configure:5714: found /usr/bin/strip
configure:5725: result: strip
configure:5797: checking for ranlib
configure:5813: found /usr/bin/ranlib
configure:5824: result: ranlib
configure:5926: checking command to parse /usr/bin/nm -B output from gcc object
configure:6079: gcc -c -g -O2  conftest.c >&5
configure:6082: $? = 0
configure:6086: /usr/bin/nm -B conftest.o \| /usr/bin/sed -n -e 's/^.*[ ]\([ABCDGIRSTW][ABCDGIRSTW]*\)[ ][ ]*\([_A-Za-z][_A-Za-z0-9]*\)$/\1 \2 \2/p' | /usr/bin/sed '/ __gnu_lto/d' \> conftest.nm
configure:6089: $? = 0
configure:6155: gcc -o conftest -g -O2   conftest.c conftstm.o >&5
configure:6158: $? = 0
configure:6196: result: ok
configure:6243: checking for sysroot
configure:6273: result: no
configure:6280: checking for a working dd
configure:6318: result: /usr/bin/dd
configure:6322: checking how to truncate binary pipes
configure:6337: result: /usr/bin/dd bs=4096 count=1
configure:6473: gcc -c -g -O2  conftest.c >&5
configure:6476: $? = 0
configure:6666: checking for mt
configure:6682: found /usr/bin/mt
configure:6693: result: mt
configure:6716: checking if mt is a manifest tool
configure:6722: mt '-?'
configure:6730: result: no
configure:7402: checking how to run the C preprocessor
configure:7433: gcc -E  conftest.c
configure:7433: $? = 0
configure:7447: gcc -E  conftest.c
conftest.c:11:10: fatal error: ac_nonexistent.h: No such file or directory
 #include <ac_nonexistent.h>
          ^~~~~~~~~~~~~~~~~~
compilation terminated.
configure:7447: $? = 1
configure: failed program was:
| /* confdefs.h */
| #define PACKAGE_NAME "TAs"
| #define PACKAGE_TARNAME "TAs"
| #define PACKAGE_VERSION "0.0.0"
| #define PACKAGE_STRING "TAs 0.0.0"
| #define PACKAGE_BUGREPORT "https://github.com/Open-TEE/TAs/issues"
| #define PACKAGE_URL "https://github.com/Open-TEE"
| #define PACKAGE "TAs"
| #define VERSION "0.0.0"
| /* end confdefs.h.  */
| #include <ac_nonexistent.h>
configure:7472: result: gcc -E
configure:7492: gcc -E  conftest.c
configure:7492: $? = 0
configure:7506: gcc -E  conftest.c
conftest.c:11:10: fatal error: ac_nonexistent.h: No such file or directory
 #include <ac_nonexistent.h>
          ^~~~~~~~~~~~~~~~~~
compilation terminated.
configure:7506: $? = 1
configure: failed program was:
| /* confdefs.h */
| #define PACKAGE_NAME "TAs"
| #define PACKAGE_TARNAME "TAs"
| #define PACKAGE_VERSION "0.0.0"
| #define PACKAGE_STRING "TAs 0.0.0"
| #define PACKAGE_BUGREPORT "https://github.com/Open-TEE/TAs/issues"
| #define PACKAGE_URL "https://github.com/Open-TEE"
| #define PACKAGE "TAs"
| #define VERSION "0.0.0"
| /* end confdefs.h.  */
| #include <ac_nonexistent.h>
configure:7535: checking for ANSI C header files
configure:7555: gcc -c -g -O2  conftest.c >&5
configure:7555: $? = 0
configure:7628: gcc -o conftest -g -O2   conftest.c  >&5
configure:7628: $? = 0
configure:7628: ./conftest
configure:7628: $? = 0
configure:7639: result: yes
configure:7652: checking for sys/types.h
configure:7652: gcc -c -g -O2  conftest.c >&5
configure:7652: $? = 0
configure:7652: result: yes
configure:7652: checking for sys/stat.h
configure:7652: gcc -c -g -O2  conftest.c >&5
configure:7652: $? = 0
configure:7652: result: yes
configure:7652: checking for stdlib.h
configure:7652: gcc -c -g -O2  conftest.c >&5
configure:7652: $? = 0
configure:7652: result: yes
configure:7652: checking for string.h
configure:7652: gcc -c -g -O2  conftest.c >&5
configure:7652: $? = 0
configure:7652: result: yes
configure:7652: checking for memory.h
configure:7652: gcc -c -g -O2  conftest.c >&5
configure:7652: $? = 0
configure:7652: result: yes
configure:7652: checking for strings.h
configure:7652: gcc -c -g -O2  conftest.c >&5
configure:7652: $? = 0
configure:7652: result: yes
configure:7652: checking for inttypes.h
configure:7652: gcc -c -g -O2  conftest.c >&5
configure:7652: $? = 0
configure:7652: result: yes
configure:7652: checking for stdint.h
configure:7652: gcc -c -g -O2  conftest.c >&5
configure:7652: $? = 0
configure:7652: result: yes
configure:7652: checking for unistd.h
configure:7652: gcc -c -g -O2  conftest.c >&5
configure:7652: $? = 0
configure:7652: result: yes
configure:7666: checking for dlfcn.h
configure:7666: gcc -c -g -O2  conftest.c >&5
configure:7666: $? = 0
configure:7666: result: yes
configure:7862: checking for objdir
configure:7877: result: .libs
configure:8141: checking if gcc supports -fno-rtti -fno-exceptions
configure:8159: gcc -c -g -O2  -fno-rtti -fno-exceptions conftest.c >&5
cc1: warning: command line option '-fno-rtti' is valid for C++/ObjC++ but not for C
configure:8163: $? = 0
configure:8176: result: no
configure:8534: checking for gcc option to produce PIC
configure:8541: result: -fPIC -DPIC
configure:8549: checking if gcc PIC flag -fPIC -DPIC works
configure:8567: gcc -c -g -O2  -fPIC -DPIC -DPIC conftest.c >&5
configure:8571: $? = 0
configure:8584: result: yes
configure:8613: checking if gcc static flag -static works
configure:8641: result: yes
configure:8656: checking if gcc supports -c -o file.o
configure:8677: gcc -c -g -O2  -o out/conftest2.o conftest.c >&5
configure:8681: $? = 0
configure:8703: result: yes
configure:8711: checking if gcc supports -c -o file.o
configure:8758: result: yes
configure:8791: checking whether the gcc linker (/usr/bin/ld -m elf_x86_64) supports shared libraries
configure:10052: result: yes
configure:10089: checking whether -lc should be explicitly linked in
configure:10097: gcc -c -g -O2  conftest.c >&5
configure:10100: $? = 0
configure:10115: gcc -shared  -fPIC -DPIC conftest.o  -v -Wl,-soname -Wl,conftest -o conftest 2\>\&1 \| /usr/bin/grep  -lc  \>/dev/null 2\>\&1
configure:10118: $? = 0
configure:10132: result: no
configure:10292: checking dynamic linker characteristics
configure:10873: gcc -o conftest -g -O2   -Wl,-rpath -Wl,/foo conftest.c  >&5
configure:10873: $? = 0
configure:11110: result: GNU/Linux ld.so
configure:11232: checking how to hardcode library paths into programs
configure:11257: result: immediate
configure:11805: checking whether stripping libraries is possible
configure:11814: result: yes
configure:11856: checking if libtool supports shared libraries
configure:11858: result: yes
configure:11861: checking whether to build shared libraries
configure:11886: result: yes
configure:11889: checking whether to build static libraries
configure:11893: result: no
configure:8851: checking that generated files are newer than configure
configure:8857: result: done
configure:8880: creating ./config.status

## ---------------------- ##
## Running config.status. ##
## ---------------------- ##

This file was extended by TAs config.status 0.0.0, which was
generated by GNU Autoconf 2.69.  Invocation command line was

  CONFIG_FILES    = 
  CONFIG_HEADERS  = 
  CONFIG_LINKS    = 
  CONFIG_COMMANDS = 
  $ ./config.status 

on debian

config.status:1007: creating Makefile
config.status:1164: executing depfiles commands
config.status:1241: cd .       && sed -e '/# am--include-marker/d' Makefile         | make -f - am--depfiles
config.status:1246: $? = 0
config.status:1164: executing libtool commands

## ---------------- ##
## Cache variables. ##
## ---------------- ##

ac_cv_build=x86_64-pc-linux-gnu
ac_cv_c_compiler_gnu=yes
ac_cv_env_CC_set=
ac_cv_env_CC_value=
ac_cv_env_CFLAGS_set=
ac_cv_env_CFLAGS_value=
ac_cv_env_CPPFLAGS_set=
ac_cv_env_CPPFLAGS_value=
ac_cv_env_CPP_set=
ac_cv_env_CPP_value=
ac_cv_env_LDFLAGS_set=
ac_cv_env_LDFLAGS_value=
ac_cv_env_LIBS_set=
ac_cv_env_LIBS_value=
ac_cv_env_LT_SYS_LIBRARY_PATH_set=
ac_cv_env_LT_SYS_LIBRARY_PATH_value=
ac_cv_env_build_alias_set=
ac_cv_env_build_alias_value=
ac_cv_env_host_alias_set=
ac_cv_env_host_alias_value=
ac_cv_env_target_alias_set=
ac_cv_env_target_alias_value=
ac_cv_header_dlfcn_h=yes
ac_cv_header_inttypes_h=yes
ac_cv_header_memory_h=yes
ac_cv_header_stdc=yes
ac_cv_header_stdint_h=yes
ac_cv_header_stdlib_h=yes
ac_cv_header_string_h=yes
ac_cv_header_strings_h=yes
ac_cv_header_sys_stat_h=yes
ac_cv_header_sys_types_h=yes
ac_cv_header_unistd_h=yes
ac_cv_host=x86_64-pc-linux-gnu
ac_cv_objext=o
ac_cv_path_EGREP='/usr/bin/grep -E'
ac_cv_path_FGREP='/usr/bin/grep -F'
ac_cv_path_GREP=/usr/bin/grep
ac_cv_path_SED=/usr/bin/sed
ac_cv_path_install='/usr/bin/install -c'
ac_cv_path_lt_DD=/usr/bin/dd
ac_cv_path_mkdir=/usr/bin/mkdir
ac_cv_prog_AWK=mawk
ac_cv_prog_CPP='gcc -E'
ac_cv_prog_ac_ct_AR=ar
ac_cv_prog_ac_ct_CC=gcc
ac_cv_prog_ac_ct_FILECMD=file
ac_cv_prog_ac_ct_MANIFEST_TOOL=mt
ac_cv_prog_ac_ct_OBJDUMP=objdump
ac_cv_prog_ac_ct_RANLIB=ranlib
ac_cv_prog_ac_ct_STRIP=strip
ac_cv_prog_cc_c89=
ac_cv_prog_cc_g=yes
ac_cv_prog_make_make_set=yes
am_cv_CC_dependencies_compiler_type=gcc3
am_cv_make_support_nested_variables=yes
am_cv_prog_cc_c_o=yes
lt_cv_ar_at_file=@
lt_cv_archive_cmds_need_lc=no
lt_cv_deplibs_check_method=pass_all
lt_cv_file_magic_cmd='$MAGIC_CMD'
lt_cv_file_magic_test_file=
lt_cv_ld_reload_flag=-r
lt_cv_nm_interface='BSD nm'
lt_cv_objdir=.libs
lt_cv_path_LD=/usr/bin/ld
lt_cv_path_NM='/usr/bin/nm -B'
lt_cv_path_mainfest_tool=no
lt_cv_prog_compiler_c_o=yes
lt_cv_prog_compiler_pic='-fPIC -DPIC'
lt_cv_prog_compiler_pic_works=yes
lt_cv_prog_compiler_rtti_exceptions=no
lt_cv_prog_compiler_static_works=yes
lt_cv_prog_gnu_ld=yes
lt_cv_sharedlib_from_linklib_cmd='printf %s\n'
lt_cv_shlibpath_overrides_runpath=yes
lt_cv_sys_global_symbol_pipe='/usr/bin/sed -n -e '\''s/^.*[    ]\([ABCDGIRSTW][ABCDGIRSTW]*\)[   ][    ]*\([_A-Za-z][_A-Za-z0-9]*\)$/\1 \2 \2/p'\'' | /usr/bin/sed '\''/ __gnu_lto/d'\'''
lt_cv_sys_global_symbol_to_c_name_address='/usr/bin/sed -n -e '\''s/^: \(.*\) .*$/  {"\1", (void *) 0},/p'\'' -e '\''s/^[ABCDGIRSTW][ABCDGIRSTW]* .* \(.*\)$/  {"\1", (void *) \&\1},/p'\'''
lt_cv_sys_global_symbol_to_c_name_address_lib_prefix='/usr/bin/sed -n -e '\''s/^: \(.*\) .*$/  {"\1", (void *) 0},/p'\'' -e '\''s/^[ABCDGIRSTW][ABCDGIRSTW]* .* \(lib.*\)$/  {"\1", (void *) \&\1},/p'\'' -e '\''s/^[ABCDGIRSTW][ABCDGIRSTW]* .* \(.*\)$/  {"lib\1", (void *) \&\1},/p'\'''
lt_cv_sys_global_symbol_to_cdecl='/usr/bin/sed -n -e '\''s/^T .* \(.*\)$/extern int \1();/p'\'' -e '\''s/^[ABCDGIRSTW][ABCDGIRSTW]* .* \(.*\)$/extern char \1;/p'\'''
lt_cv_sys_global_symbol_to_import=
lt_cv_sys_max_cmd_len=1572864
lt_cv_to_host_file_cmd=func_convert_file_noop
lt_cv_to_tool_file_cmd=func_convert_file_noop
lt_cv_truncate_bin='/usr/bin/dd bs=4096 count=1'

## ----------------- ##
## Output variables. ##
## ----------------- ##

ACLOCAL='${SHELL} /home/sekai/opteepkcs11fuzzer/opentee/TAs/missing aclocal-1.16'
AMDEPBACKSLASH='\'
AMDEP_FALSE='#'
AMDEP_TRUE=''
AMTAR='$${TAR-tar}'
AM_BACKSLASH='\'
AM_DEFAULT_V='$(AM_DEFAULT_VERBOSITY)'
AM_DEFAULT_VERBOSITY='1'
AM_V='$(V)'
AR='ar'
AUTOCONF='${SHELL} /home/sekai/opteepkcs11fuzzer/opentee/TAs/missing autoconf'
AUTOHEADER='${SHELL} /home/sekai/opteepkcs11fuzzer/opentee/TAs/missing autoheader'
AUTOMAKE='${SHELL} /home/sekai/opteepkcs11fuzzer/opentee/TAs/missing automake-1.16'
AWK='mawk'
CC='gcc'
CCDEPMODE='depmode=gcc3'
CFLAGS='-g -O2'
CPP='gcc -E'
CPPFLAGS=''
CYGPATH_W='echo'
DEFS='-DPACKAGE_NAME=\"TAs\" -DPACKAGE_TARNAME=\"TAs\" -DPACKAGE_VERSION=\"0.0.0\" -DPACKAGE_STRING=\"TAs\ 0.0.0\" -DPACKAGE_BUGREPORT=\"https://github.com/Open-TEE/TAs/issues\" -DPACKAGE_URL=\"https://github.com/Open-TEE\" -DPACKAGE=\"TAs\" -DVERSION=\"0.0.0\" -DSTDC_HEADERS=1 -DHAVE_SYS_TYPES_H=1 -DHAVE_SYS_STAT_H=1 -DHAVE_STDLIB_H=1 -DHAVE_STRING_H=1 -DHAVE_MEMORY_H=1 -DHAVE_STRINGS_H=1 -DHAVE_INTTYPES_H=1 -DHAVE_STDINT_H=1 -DHAVE_UNISTD_H=1 -DHAVE_DLFCN_H=1 -DLT_OBJDIR=\".libs/\"'
DEPDIR='.deps'
DLLTOOL='false'
DSYMUTIL=''
DUMPBIN=''
ECHO_C=''
ECHO_N='-n'
ECHO_T=''
EGREP='/usr/bin/grep -E'
EXEEXT=''
FGREP='/usr/bin/grep -F'
FILECMD='file'
GREP='/usr/bin/grep'
INSTALL_DATA='${INSTALL} -m 644'
INSTALL_PROGRAM='${INSTALL}'
INSTALL_SCRIPT='${INSTALL}'
INSTALL_STRIP_PROGRAM='$(install_sh) -c -s'
LD='/usr/bin/ld -m elf_x86_64'
LDFLAGS=''
LIBOBJS=''
LIBS=''
LIBTOOL='$(SHELL) $(top_builddir)/libtool'
LIPO=''
LN_S='ln -s'
LTLIBOBJS=''
LT_SYS_LIBRARY_PATH=''
MAKEINFO='${SHELL} /home/sekai/opteepkcs11fuzzer/opentee/TAs/missing makeinfo'
MANIFEST_TOOL=':'
MKDIR_P='/usr/bin/mkdir -p'
NM='/usr/bin/nm -B'
NMEDIT=''
OBJDUMP='objdump'
OBJEXT='o'
OTOOL64=''
OTOOL=''
PACKAGE='TAs'
PACKAGE_BUGREPORT='https://github.com/Open-TEE/TAs/issues'
PACKAGE_NAME='TAs'
PACKAGE_STRING='TAs 0.0.0'
PACKAGE_TARNAME='TAs'
PACKAGE_URL='https://github.com/Open-TEE'
PACKAGE_VERSION='0.0.0'
PATH_SEPARATOR=':'
RANLIB='ranlib'
SED='/usr/bin/sed'
SET_MAKE=''
SHELL='/bin/bash'
STRIP='strip'
VERSION='0.0.0'
ac_ct_AR='ar'
ac_ct_CC='gcc'
ac_ct_DUMPBIN=''
am__EXEEXT_FALSE=''
am__EXEEXT_TRUE='#'
am__fastdepCC_FALSE='#'
am__fastdepCC_TRUE=''
am__include='include'
am__isrc=' -I$(srcdir)'
am__leading_dot='.'
am__nodep='_no'
am__quote=''
am__tar='$${TAR-tar} chof - "$$tardir"'
am__untar='$${TAR-tar} xf -'
bindir='${exec_prefix}/bin'
build='x86_64-pc-linux-gnu'
build_alias=''
build_cpu='x86_64'
build_os='linux-gnu'
build_vendor='pc'
datadir='${datarootdir}'
datarootdir='${prefix}/share'
docdir='${datarootdir}/doc/${PACKAGE_TARNAME}'
dvidir='${docdir}'
exec_prefix='${prefix}'
host='x86_64-pc-linux-gnu'
host_alias=''
host_cpu='x86_64'
host_os='linux-gnu'
host_vendor='pc'
htmldir='${docdir}'
includedir='${prefix}/include'
infodir='${datarootdir}/info'
install_sh='${SHELL} /home/sekai/opteepkcs11fuzzer/opentee/TAs/install-sh'
libdir='${exec_prefix}/lib'
libexecdir='${exec_prefix}/libexec'
localedir='${datarootdir}/locale'
localstatedir='${prefix}/var'
mandir='${datarootdir}/man'
mkdir_p='$(MKDIR_P)'
oldincludedir='/usr/include'
pdfdir='${docdir}'
prefix='/opt/OpenTee'
program_transform_name='s,x,x,'
psdir='${docdir}'
runstatedir='${localstatedir}/run'
sbindir='${exec_prefix}/sbin'
sharedstatedir='${prefix}/com'
sysconfdir='${prefix}/etc'
target_alias=''

## ----------- ##
## confdefs.h. ##
## ----------- ##

/* confdefs.h */
#define PACKAGE_NAME "TAs"
#define PACKAGE_TARNAME "TAs"
#define PACKAGE_VERSION "0.0.0"
#define PACKAGE_STRING "TAs 0.0.0"
#define PACKAGE_BUGREPORT "https://github.com/Open-TEE/TAs/issues"
#define PACKAGE_URL "https://github.com/Open-TEE"
#define PACKAGE "TAs"
#define VERSION "0.0.0"
#define STDC_HEADERS 1
#define HAVE_SYS_TYPES_H 1
#define HAVE_SYS_STAT_H 1
#define HAVE_STDLIB_H 1
#define HAVE_STRING_H 1
#define HAVE_MEMORY_H 1
#define HAVE_STRINGS_H 1
#define HAVE_INTTYPES_H 1
#define HAVE_STDINT_H 1
#define HAVE_UNISTD_H 1
#define HAVE_DLFCN_H 1
#define LT_OBJDIR ".libs/"

configure: exit 0
