This file contains any messages produced by compilers while
running configure, to aid debugging if configure makes a mistake.

It was created by liboptee_pkcs11 configure 0.0.0, which was
generated by GNU Autoconf 2.69.  Invocation command line was

  $ ../../liboptee_pkcs11/configure --disable-option-checking --prefix=/opt/OpenTee --cache-file=/dev/null --srcdir=../../liboptee_pkcs11

## --------- ##
## Platform. ##
## --------- ##

hostname = debian
uname -m = x86_64
uname -r = 4.19.0-21-amd64
uname -s = Linux
uname -v = #1 SMP Debian 4.19.249-2 (2022-06-30)

/usr/bin/uname -p = unknown
/bin/uname -X     = unknown

/bin/arch              = x86_64
/usr/bin/arch -k       = unknown
/usr/convex/getsysinfo = unknown
/usr/bin/hostinfo      = unknown
/bin/machine           = unknown
/usr/bin/oslevel       = unknown
/bin/universe          = unknown

PATH: /usr/local/bin
PATH: /usr/bin
PATH: /bin
PATH: /usr/local/games
PATH: /usr/games


## ----------- ##
## Core tests. ##
## ----------- ##

configure:2175: checking for a BSD-compatible install
configure:2243: result: /usr/bin/install -c
configure:2254: checking whether build environment is sane
configure:2309: result: yes
configure:2458: checking for a thread-safe mkdir -p
configure:2497: result: /usr/bin/mkdir -p
configure:2504: checking for gawk
configure:2534: result: no
configure:2504: checking for mawk
configure:2520: found /usr/bin/mawk
configure:2531: result: mawk
configure:2542: checking whether make sets $(MAKE)
configure:2564: result: yes
configure:2593: checking whether make supports nested variables
configure:2610: result: yes
configure:2788: checking for gcc
configure:2804: found /usr/bin/gcc
configure:2815: result: gcc
configure:3044: checking for C compiler version
configure:3053: gcc --version >&5
gcc (Debian 8.3.0-6) 8.3.0
Copyright (C) 2018 Free Software Foundation, Inc.
This is free software; see the source for copying conditions.  There is NO
warranty; not even for MERCHANTABILITY or FITNESS FOR A PARTICULAR PURPOSE.

configure:3064: $? = 0
configure:3053: gcc -v >&5
Using built-in specs.
COLLECT_GCC=gcc
COLLECT_LTO_WRAPPER=/usr/lib/gcc/x86_64-linux-gnu/8/lto-wrapper
OFFLOAD_TARGET_NAMES=nvptx-none
OFFLOAD_TARGET_DEFAULT=1
Target: x86_64-linux-gnu
Configured with: ../src/configure -v --with-pkgversion='Debian 8.3.0-6' --with-bugurl=file:///usr/share/doc/gcc-8/README.Bugs --enable-languages=c,ada,c++,go,brig,d,fortran,objc,obj-c++ --prefix=/usr --with-gcc-major-version-only --program-suffix=-8 --program-prefix=x86_64-linux-gnu- --enable-shared --enable-linker-build-id --libexecdir=/usr/lib --without-included-gettext --enable-threads=posix --libdir=/usr/lib --enable-nls --enable-bootstrap --enable-clocale=gnu --enable-libstdcxx-debug --enable-libstdcxx-time=yes --with-default-libstdcxx-abi=new --enable-gnu-unique-object --disable-vtable-verify --enable-libmpx --enable-plugin --enable-default-pie --with-system-zlib --with-target-system-zlib --enable-objc-gc=auto --enable-multiarch --disable-werror --with-arch-32=i686 --with-abi=m64 --with-multilib-list=m32,m64,mx32 --enable-multilib --with-tune=generic --enable-offload-targets=nvptx-none --without-cuda-driver --enable-checking=release --build=x86_64-linux-gnu --host=x86_64-linux-gnu --target=x86_64-linux-gnu
Thread model: posix
gcc version 8.3.0 (Debian 8.3.0-6) 
configure:3064: $? = 0
configure:3053: gcc -V >&5
gcc: error: unrecognized command line option '-V'
gcc: fatal error: no input files
compilation terminated.
configure:3064: $? = 1
configure:3053: gcc -qversion >&5
gcc: error: unrecognized command line option '-qversion'; did you mean '--version'?
gcc: fatal error: no input files
compilation terminated.
configure:3064: $? = 1
configure:3084: checking whether the C compiler works
configure:3106: gcc    conftest.c  >&5
configure:3110: $? = 0
configure:3158: result: yes
configure:3161: checking for C compiler default output file name
configure:3163: result: a.out
configure:3169: checking for suffix of executables
configure:3176: gcc -o conftest    conftest.c  >&5
configure:3180: $? = 0
configure:3202: result: 
configure:3224: checking whether we are cross compiling
configure:3232: gcc -o conftest    conftest.c  >&5
configure:3236: $? = 0
configure:3243: ./conftest
configure:3247: $? = 0
configure:3235: result: no
configure:3240: checking for suffix of object files
configure:3262: gcc -c   conftest.c >&5
configure:3266: $? = 0
configure:3287: result: o
configure:3291: checking whether we are using the GNU C compiler
configure:3310: gcc -c   conftest.c >&5
configure:3310: $? = 0
configure:3319: result: yes
configure:3328: checking whether gcc accepts -g
configure:3348: gcc -c -g  conftest.c >&5
configure:3348: $? = 0
configure:3389: result: yes
configure:3406: checking for gcc option to accept ISO C89
configure:3469: gcc  -c -g -O2  conftest.c >&5
configure:3469: $? = 0
configure:3482: result: none needed
configure:3507: checking whether gcc understands -c and -o together
configure:3529: gcc -c conftest.c -o conftest2.o
configure:3532: $? = 0
configure:3529: gcc -c conftest.c -o conftest2.o
configure:3532: $? = 0
configure:3544: result: yes
configure:3564: checking whether make supports the include directive
configure:3579: make -f confmf.GNU && cat confinc.out
this is the am__doit target
configure:3582: $? = 0
configure:3601: result: yes (GNU style)
configure:3626: checking dependency style of gcc
configure:3737: result: gcc3
configure:3781: checking build system type
configure:3795: result: x86_64-pc-linux-gnu
configure:3815: checking host system type
configure:3828: result: x86_64-pc-linux-gnu
configure:3869: checking how to print strings
configure:3896: result: printf
configure:3917: checking for a sed that does not truncate output
configure:3981: result: /usr/bin/sed
configure:3999: checking for grep that handles long lines and -e
configure:4057: result: /usr/bin/grep
configure:4062: checking for egrep
configure:4124: result: /usr/bin/grep -E
configure:4129: checking for fgrep
configure:4191: result: /usr/bin/grep -F
configure:4226: checking for ld used by gcc
configure:4293: result: /usr/bin/ld
configure:4300: checking if the linker (/usr/bin/ld) is GNU ld
configure:4315: result: yes
configure:4327: checking for BSD- or MS-compatible name lister (nm)
configure:4381: result: /usr/bin/nm -B
configure:4511: checking the name lister (/usr/bin/nm -B) interface
configure:4518: gcc -c -g -O2  conftest.c >&5
configure:4521: /usr/bin/nm -B "conftest.o"
configure:4524: output
0000000000000000 B some_variable
configure:4525: result: BSD nm
configure:4528: checking whether ln -s works
configure:4532: result: yes
configure:4540: checking the maximum length of command line arguments
configure:4671: result: 1572864
configure:4719: checking how to convert x86_64-pc-linux-gnu file names to x86_64-pc-linux-gnu format
configure:4759: result: func_convert_file_noop
configure:4766: checking how to convert x86_64-pc-linux-gnu file names to toolchain format
configure:4786: result: func_convert_file_noop
configure:4793: checking for /usr/bin/ld option to reload object files
configure:4800: result: -r
configure:4874: checking for objdump
configure:4890: found /usr/bin/objdump
configure:4901: result: objdump
configure:4933: checking how to recognize dependent libraries
configure:5133: result: pass_all
configure:5218: checking for dlltool
configure:5248: result: no
configure:5278: checking how to associate runtime and link libraries
configure:5305: result: printf %s\n
configure:5366: checking for ar
configure:5382: found /usr/bin/ar
configure:5393: result: ar
configure:5430: checking for archiver @FILE support
configure:5447: gcc -c -g -O2  conftest.c >&5
configure:5447: $? = 0
configure:5450: ar cru libconftest.a @conftest.lst >&5
ar: `u' modifier ignored since `D' is the default (see `U')
configure:5453: $? = 0
configure:5458: ar cru libconftest.a @conftest.lst >&5
ar: `u' modifier ignored since `D' is the default (see `U')
ar: conftest.o: No such file or directory
configure:5461: $? = 1
configure:5460: result: @
configure:5518: checking for strip
configure:5534: found /usr/bin/strip
configure:5545: result: strip
configure:5617: checking for ranlib
configure:5633: found /usr/bin/ranlib
configure:5644: result: ranlib
configure:5746: checking command to parse /usr/bin/nm -B output from gcc object
configure:5899: gcc -c -g -O2  conftest.c >&5
configure:5902: $? = 0
configure:5906: /usr/bin/nm -B conftest.o | sed -n -e 's/^.*[	 ]\([ABCDGIRSTW][ABCDGIRSTW]*\)[	 ][	 ]*\([_A-Za-z][_A-Za-z0-9]*\)$/\1 \2 \2/p' | sed '/ __gnu_lto/d' > conftest.nm
configure:5972: gcc -o conftest -g -O2   conftest.c conftstm.o >&5
configure:5975: $? = 0
configure:6013: result: ok
configure:6060: checking for sysroot
configure:6090: result: no
configure:6097: checking for a working dd
configure:6135: result: /usr/bin/dd
configure:6139: checking how to truncate binary pipes
configure:6154: result: /usr/bin/dd bs=4096 count=1
configure:6290: gcc -c -g -O2  conftest.c >&5
configure:6293: $? = 0
configure:6483: checking for mt
configure:6499: found /usr/bin/mt
configure:6510: result: mt
configure:6533: checking if mt is a manifest tool
configure:6539: mt '-?'
configure:6547: result: no
configure:7224: checking how to run the C preprocessor
configure:7255: gcc -E  conftest.c
configure:7255: $? = 0
configure:7269: gcc -E  conftest.c
conftest.c:11:10: fatal error: ac_nonexistent.h: No such file or directory
 #include <ac_nonexistent.h>
          ^~~~~~~~~~~~~~~~~~
compilation terminated.
configure:7269: $? = 1
configure: failed program was:
| /* confdefs.h */
| #define PACKAGE_NAME "liboptee_pkcs11"
| #define PACKAGE_TARNAME "liboptee_pkcs11"
| #define PACKAGE_VERSION "0.0.0"
| #define PACKAGE_STRING "liboptee_pkcs11 0.0.0"
| #define PACKAGE_BUGREPORT "https://github.com/Open-TEE/libtee_pkcs11/issues"
| #define PACKAGE_URL "https://github.com/Open-TEE"
| #define PACKAGE "liboptee_pkcs11"
| #define VERSION "0.0.0"
| /* end confdefs.h.  */
| #include <ac_nonexistent.h>
configure:7294: result: gcc -E
configure:7314: gcc -E  conftest.c
configure:7314: $? = 0
configure:7328: gcc -E  conftest.c
conftest.c:11:10: fatal error: ac_nonexistent.h: No such file or directory
 #include <ac_nonexistent.h>
          ^~~~~~~~~~~~~~~~~~
compilation terminated.
configure:7328: $? = 1
configure: failed program was:
| /* confdefs.h */
| #define PACKAGE_NAME "liboptee_pkcs11"
| #define PACKAGE_TARNAME "liboptee_pkcs11"
| #define PACKAGE_VERSION "0.0.0"
| #define PACKAGE_STRING "liboptee_pkcs11 0.0.0"
| #define PACKAGE_BUGREPORT "https://github.com/Open-TEE/libtee_pkcs11/issues"
| #define PACKAGE_URL "https://github.com/Open-TEE"
| #define PACKAGE "liboptee_pkcs11"
| #define VERSION "0.0.0"
| /* end confdefs.h.  */
| #include <ac_nonexistent.h>
configure:7357: checking for ANSI C header files
configure:7377: gcc -c -g -O2  conftest.c >&5
configure:7377: $? = 0
configure:7450: gcc -o conftest -g -O2   conftest.c  >&5
configure:7450: $? = 0
configure:7450: ./conftest
configure:7450: $? = 0
configure:7461: result: yes
configure:7474: checking for sys/types.h
configure:7474: gcc -c -g -O2  conftest.c >&5
configure:7474: $? = 0
configure:7474: result: yes
configure:7474: checking for sys/stat.h
configure:7474: gcc -c -g -O2  conftest.c >&5
configure:7474: $? = 0
configure:7474: result: yes
configure:7474: checking for stdlib.h
configure:7474: gcc -c -g -O2  conftest.c >&5
configure:7474: $? = 0
configure:7474: result: yes
configure:7474: checking for string.h
configure:7474: gcc -c -g -O2  conftest.c >&5
configure:7474: $? = 0
configure:7474: result: yes
configure:7474: checking for memory.h
configure:7474: gcc -c -g -O2  conftest.c >&5
configure:7474: $? = 0
configure:7474: result: yes
configure:7474: checking for strings.h
configure:7474: gcc -c -g -O2  conftest.c >&5
configure:7474: $? = 0
configure:7474: result: yes
configure:7474: checking for inttypes.h
configure:7474: gcc -c -g -O2  conftest.c >&5
configure:7474: $? = 0
configure:7474: result: yes
configure:7474: checking for stdint.h
configure:7474: gcc -c -g -O2  conftest.c >&5
configure:7474: $? = 0
configure:7474: result: yes
configure:7474: checking for unistd.h
configure:7474: gcc -c -g -O2  conftest.c >&5
configure:7474: $? = 0
configure:7474: result: yes
configure:7488: checking for dlfcn.h
configure:7488: gcc -c -g -O2  conftest.c >&5
configure:7488: $? = 0
configure:7488: result: yes
configure:7744: checking for objdir
configure:7759: result: .libs
configure:8023: checking if gcc supports -fno-rtti -fno-exceptions
configure:8041: gcc -c -g -O2  -fno-rtti -fno-exceptions conftest.c >&5
cc1: warning: command line option '-fno-rtti' is valid for C++/ObjC++ but not for C
configure:8045: $? = 0
configure:8058: result: no
configure:8416: checking for gcc option to produce PIC
configure:8423: result: -fPIC -DPIC
configure:8431: checking if gcc PIC flag -fPIC -DPIC works
configure:8449: gcc -c -g -O2  -fPIC -DPIC -DPIC conftest.c >&5
configure:8453: $? = 0
configure:8466: result: yes
configure:8495: checking if gcc static flag -static works
configure:8523: result: yes
configure:8538: checking if gcc supports -c -o file.o
configure:8559: gcc -c -g -O2  -o out/conftest2.o conftest.c >&5
configure:8563: $? = 0
configure:8585: result: yes
configure:8593: checking if gcc supports -c -o file.o
configure:8640: result: yes
configure:8673: checking whether the gcc linker (/usr/bin/ld -m elf_x86_64) supports shared libraries
configure:9936: result: yes
configure:9973: checking whether -lc should be explicitly linked in
configure:9981: gcc -c -g -O2  conftest.c >&5
configure:9984: $? = 0
configure:9999: gcc -shared  -fPIC -DPIC conftest.o  -v -Wl,-soname -Wl,conftest -o conftest 2\>\&1 \| /usr/bin/grep  -lc  \>/dev/null 2\>\&1
configure:10002: $? = 0
configure:10016: result: no
configure:10176: checking dynamic linker characteristics
configure:10757: gcc -o conftest -g -O2   -Wl,-rpath -Wl,/foo conftest.c  >&5
configure:10757: $? = 0
configure:11006: result: GNU/Linux ld.so
configure:11128: checking how to hardcode library paths into programs
configure:11153: result: immediate
configure:11701: checking whether stripping libraries is possible
configure:11706: result: yes
configure:11741: checking if libtool supports shared libraries
configure:11743: result: yes
configure:11746: checking whether to build shared libraries
configure:11771: result: yes
configure:11774: checking whether to build static libraries
configure:11778: result: yes
configure:8735: checking that generated files are newer than configure
configure:8741: result: done
configure:8764: creating ./config.status

## ---------------------- ##
## Running config.status. ##
## ---------------------- ##

This file was extended by liboptee_pkcs11 config.status 0.0.0, which was
generated by GNU Autoconf 2.69.  Invocation command line was

  CONFIG_FILES    = 
  CONFIG_HEADERS  = 
  CONFIG_LINKS    = 
  CONFIG_COMMANDS = 
  $ ./config.status 

on debian

config.status:1004: creating Makefile
config.status:1161: executing depfiles commands
config.status:1238: cd .       && sed -e '/# am--include-marker/d' Makefile         | make -f - am--depfiles
config.status:1243: $? = 0
config.status:1161: executing libtool commands

## ---------------- ##
## Cache variables. ##
## ---------------- ##

ac_cv_build=x86_64-pc-linux-gnu
ac_cv_c_compiler_gnu=yes
ac_cv_env_CC_set=
ac_cv_env_CC_value=
ac_cv_env_CFLAGS_set=
ac_cv_env_CFLAGS_value=
ac_cv_env_CPPFLAGS_set=
ac_cv_env_CPPFLAGS_value=
ac_cv_env_CPP_set=
ac_cv_env_CPP_value=
ac_cv_env_LDFLAGS_set=
ac_cv_env_LDFLAGS_value=
ac_cv_env_LIBS_set=
ac_cv_env_LIBS_value=
ac_cv_env_LT_SYS_LIBRARY_PATH_set=
ac_cv_env_LT_SYS_LIBRARY_PATH_value=
ac_cv_env_build_alias_set=
ac_cv_env_build_alias_value=
ac_cv_env_host_alias_set=
ac_cv_env_host_alias_value=
ac_cv_env_target_alias_set=
ac_cv_env_target_alias_value=
ac_cv_header_dlfcn_h=yes
ac_cv_header_inttypes_h=yes
ac_cv_header_memory_h=yes
ac_cv_header_stdc=yes
ac_cv_header_stdint_h=yes
ac_cv_header_stdlib_h=yes
ac_cv_header_string_h=yes
ac_cv_header_strings_h=yes
ac_cv_header_sys_stat_h=yes
ac_cv_header_sys_types_h=yes
ac_cv_header_unistd_h=yes
ac_cv_host=x86_64-pc-linux-gnu
ac_cv_objext=o
ac_cv_path_EGREP='/usr/bin/grep -E'
ac_cv_path_FGREP='/usr/bin/grep -F'
ac_cv_path_GREP=/usr/bin/grep
ac_cv_path_SED=/usr/bin/sed
ac_cv_path_install='/usr/bin/install -c'
ac_cv_path_lt_DD=/usr/bin/dd
ac_cv_path_mkdir=/usr/bin/mkdir
ac_cv_prog_AWK=mawk
ac_cv_prog_CPP='gcc -E'
ac_cv_prog_ac_ct_AR=ar
ac_cv_prog_ac_ct_CC=gcc
ac_cv_prog_ac_ct_MANIFEST_TOOL=mt
ac_cv_prog_ac_ct_OBJDUMP=objdump
ac_cv_prog_ac_ct_RANLIB=ranlib
ac_cv_prog_ac_ct_STRIP=strip
ac_cv_prog_cc_c89=
ac_cv_prog_cc_g=yes
ac_cv_prog_make_make_set=yes
am_cv_CC_dependencies_compiler_type=gcc3
am_cv_make_support_nested_variables=yes
am_cv_prog_cc_c_o=yes
lt_cv_ar_at_file=@
lt_cv_archive_cmds_need_lc=no
lt_cv_deplibs_check_method=pass_all
lt_cv_file_magic_cmd='$MAGIC_CMD'
lt_cv_file_magic_test_file=
lt_cv_ld_reload_flag=-r
lt_cv_nm_interface='BSD nm'
lt_cv_objdir=.libs
lt_cv_path_LD=/usr/bin/ld
lt_cv_path_NM='/usr/bin/nm -B'
lt_cv_path_mainfest_tool=no
lt_cv_prog_compiler_c_o=yes
lt_cv_prog_compiler_pic='-fPIC -DPIC'
lt_cv_prog_compiler_pic_works=yes
lt_cv_prog_compiler_rtti_exceptions=no
lt_cv_prog_compiler_static_works=yes
lt_cv_prog_gnu_ld=yes
lt_cv_sharedlib_from_linklib_cmd='printf %s\n'
lt_cv_shlibpath_overrides_runpath=yes
lt_cv_sys_global_symbol_pipe='sed -n -e '\''s/^.*[	 ]\([ABCDGIRSTW][ABCDGIRSTW]*\)[	 ][	 ]*\([_A-Za-z][_A-Za-z0-9]*\)$/\1 \2 \2/p'\'' | sed '\''/ __gnu_lto/d'\'''
lt_cv_sys_global_symbol_to_c_name_address='sed -n -e '\''s/^: \(.*\) .*$/  {"\1", (void *) 0},/p'\'' -e '\''s/^[ABCDGIRSTW][ABCDGIRSTW]* .* \(.*\)$/  {"\1", (void *) \&\1},/p'\'''
lt_cv_sys_global_symbol_to_c_name_address_lib_prefix='sed -n -e '\''s/^: \(.*\) .*$/  {"\1", (void *) 0},/p'\'' -e '\''s/^[ABCDGIRSTW][ABCDGIRSTW]* .* \(lib.*\)$/  {"\1", (void *) \&\1},/p'\'' -e '\''s/^[ABCDGIRSTW][ABCDGIRSTW]* .* \(.*\)$/  {"lib\1", (void *) \&\1},/p'\'''
lt_cv_sys_global_symbol_to_cdecl='sed -n -e '\''s/^T .* \(.*\)$/extern int \1();/p'\'' -e '\''s/^[ABCDGIRSTW][ABCDGIRSTW]* .* \(.*\)$/extern char \1;/p'\'''
lt_cv_sys_global_symbol_to_import=
lt_cv_sys_max_cmd_len=1572864
lt_cv_to_host_file_cmd=func_convert_file_noop
lt_cv_to_tool_file_cmd=func_convert_file_noop
lt_cv_truncate_bin='/usr/bin/dd bs=4096 count=1'

## ----------------- ##
## Output variables. ##
## ----------------- ##

ACLOCAL='${SHELL} /home/sekai/opteepkcs11fuzzer/opentee/missing aclocal-1.16'
AMDEPBACKSLASH='\'
AMDEP_FALSE='#'
AMDEP_TRUE=''
AMTAR='$${TAR-tar}'
AM_BACKSLASH='\'
AM_DEFAULT_V='$(AM_DEFAULT_VERBOSITY)'
AM_DEFAULT_VERBOSITY='1'
AM_V='$(V)'
AR='ar'
AUTOCONF='${SHELL} /home/sekai/opteepkcs11fuzzer/opentee/missing autoconf'
AUTOHEADER='${SHELL} /home/sekai/opteepkcs11fuzzer/opentee/missing autoheader'
AUTOMAKE='${SHELL} /home/sekai/opteepkcs11fuzzer/opentee/missing automake-1.16'
AWK='mawk'
CC='gcc'
CCDEPMODE='depmode=gcc3'
CFLAGS='-g -O2'
CPP='gcc -E'
CPPFLAGS=''
CYGPATH_W='echo'
DEFS='-DPACKAGE_NAME=\"liboptee_pkcs11\" -DPACKAGE_TARNAME=\"liboptee_pkcs11\" -DPACKAGE_VERSION=\"0.0.0\" -DPACKAGE_STRING=\"liboptee_pkcs11\ 0.0.0\" -DPACKAGE_BUGREPORT=\"https://github.com/Open-TEE/libtee_pkcs11/issues\" -DPACKAGE_URL=\"https://github.com/Open-TEE\" -DPACKAGE=\"liboptee_pkcs11\" -DVERSION=\"0.0.0\" -DSTDC_HEADERS=1 -DHAVE_SYS_TYPES_H=1 -DHAVE_SYS_STAT_H=1 -DHAVE_STDLIB_H=1 -DHAVE_STRING_H=1 -DHAVE_MEMORY_H=1 -DHAVE_STRINGS_H=1 -DHAVE_INTTYPES_H=1 -DHAVE_STDINT_H=1 -DHAVE_UNISTD_H=1 -DHAVE_DLFCN_H=1 -DLT_OBJDIR=\".libs/\"'
DEPDIR='.deps'
DLLTOOL='false'
DSYMUTIL=''
DUMPBIN=''
ECHO_C=''
ECHO_N='-n'
ECHO_T=''
EGREP='/usr/bin/grep -E'
EXEEXT=''
FGREP='/usr/bin/grep -F'
GREP='/usr/bin/grep'
INSTALL_DATA='${INSTALL} -m 644'
INSTALL_PROGRAM='${INSTALL}'
INSTALL_SCRIPT='${INSTALL}'
INSTALL_STRIP_PROGRAM='$(install_sh) -c -s'
LD='/usr/bin/ld -m elf_x86_64'
LDFLAGS=''
LIBOBJS=''
LIBS=''
LIBTOOL='$(SHELL) $(top_builddir)/libtool'
LIPO=''
LN_S='ln -s'
LTLIBOBJS=''
LT_SYS_LIBRARY_PATH=''
MAKEINFO='${SHELL} /home/sekai/opteepkcs11fuzzer/opentee/missing makeinfo'
MANIFEST_TOOL=':'
MKDIR_P='/usr/bin/mkdir -p'
NM='/usr/bin/nm -B'
NMEDIT=''
OBJDUMP='objdump'
OBJEXT='o'
OTOOL64=''
OTOOL=''
PACKAGE='liboptee_pkcs11'
PACKAGE_BUGREPORT='https://github.com/Open-TEE/libtee_pkcs11/issues'
PACKAGE_NAME='liboptee_pkcs11'
PACKAGE_STRING='liboptee_pkcs11 0.0.0'
PACKAGE_TARNAME='liboptee_pkcs11'
PACKAGE_URL='https://github.com/Open-TEE'
PACKAGE_VERSION='0.0.0'
PATH_SEPARATOR=':'
RANLIB='ranlib'
SED='/usr/bin/sed'
SET_MAKE=''
SHELL='/bin/bash'
STRIP='strip'
VERSION='0.0.0'
ac_ct_AR='ar'
ac_ct_CC='gcc'
ac_ct_DUMPBIN=''
am__EXEEXT_FALSE=''
am__EXEEXT_TRUE='#'
am__fastdepCC_FALSE='#'
am__fastdepCC_TRUE=''
am__include='include'
am__isrc=' -I$(srcdir)'
am__leading_dot='.'
am__nodep='_no'
am__quote=''
am__tar='$${TAR-tar} chof - "$$tardir"'
am__untar='$${TAR-tar} xf -'
bindir='${exec_prefix}/bin'
build='x86_64-pc-linux-gnu'
build_alias=''
build_cpu='x86_64'
build_os='linux-gnu'
build_vendor='pc'
datadir='${datarootdir}'
datarootdir='${prefix}/share'
docdir='${datarootdir}/doc/${PACKAGE_TARNAME}'
dvidir='${docdir}'
exec_prefix='${prefix}'
host='x86_64-pc-linux-gnu'
host_alias=''
host_cpu='x86_64'
host_os='linux-gnu'
host_vendor='pc'
htmldir='${docdir}'
includedir='${prefix}/include'
infodir='${datarootdir}/info'
install_sh='${SHELL} /home/sekai/opteepkcs11fuzzer/opentee/install-sh'
libdir='${exec_prefix}/lib'
libexecdir='${exec_prefix}/libexec'
localedir='${datarootdir}/locale'
localstatedir='${prefix}/var'
mandir='${datarootdir}/man'
mkdir_p='$(MKDIR_P)'
oldincludedir='/usr/include'
pdfdir='${docdir}'
prefix='/opt/OpenTee'
program_transform_name='s,x,x,'
psdir='${docdir}'
runstatedir='${localstatedir}/run'
sbindir='${exec_prefix}/sbin'
sharedstatedir='${prefix}/com'
sysconfdir='${prefix}/etc'
target_alias=''

## ----------- ##
## confdefs.h. ##
## ----------- ##

/* confdefs.h */
#define PACKAGE_NAME "liboptee_pkcs11"
#define PACKAGE_TARNAME "liboptee_pkcs11"
#define PACKAGE_VERSION "0.0.0"
#define PACKAGE_STRING "liboptee_pkcs11 0.0.0"
#define PACKAGE_BUGREPORT "https://github.com/Open-TEE/libtee_pkcs11/issues"
#define PACKAGE_URL "https://github.com/Open-TEE"
#define PACKAGE "liboptee_pkcs11"
#define VERSION "0.0.0"
#define STDC_HEADERS 1
#define HAVE_SYS_TYPES_H 1
#define HAVE_SYS_STAT_H 1
#define HAVE_STDLIB_H 1
#define HAVE_STRING_H 1
#define HAVE_MEMORY_H 1
#define HAVE_STRINGS_H 1
#define HAVE_INTTYPES_H 1
#define HAVE_STDINT_H 1
#define HAVE_UNISTD_H 1
#define HAVE_DLFCN_H 1
#define LT_OBJDIR ".libs/"

configure: exit 0
